2025-03-06 20:26:45 [INFO] Country configuration loaded successfully
2025-03-06 20:26:45 [INFO] Loaded 9 countries
2025-03-06 20:26:45 [INFO] Starting Browser Launcher application
2025-03-06 20:26:45 [INFO] Initializing Browser Launcher application
2025-03-06 20:26:45 [INFO] Browser Launcher initialized successfully
2025-03-06 20:26:45 [INFO] Asyncio event loop started in background thread
2025-03-06 20:26:46 [INFO] Application window shown
2025-03-06 20:27:10 [INFO] Country selected: 🇬🇪 Georgia
2025-03-06 20:27:22 [INFO] Launching browser for country: ge
2025-03-06 20:27:22 [INFO] Starting browser launch process for country: ge
2025-03-06 20:27:22 [INFO] Starting browser for country: ge
2025-03-06 20:27:22 [INFO] Getting configuration for country: ge
2025-03-06 20:27:22 [INFO] Finding proxy for country: ge
2025-03-06 20:27:22 [INFO] Proxy credentials loaded successfully
2025-03-06 20:27:22 [INFO] Getting proxy info for server: pool.proxy.market:10000
2025-03-06 20:27:23 [INFO] Successfully got proxy info for IP: 5.178.149.217
2025-03-06 20:27:23 [INFO] Found suitable proxy with IP: 5.178.149.217
2025-03-06 20:27:23 [INFO] Country configuration loaded successfully
2025-03-06 20:27:23 [INFO] Country configuration created successfully
2025-03-06 20:27:23 [INFO] Creating configuration for system: Win64, browser: Chrome
2025-03-06 20:27:23 [INFO] Configuration created successfully
2025-03-06 20:27:30 [INFO] Browser started successfully
2025-03-06 20:27:30 [INFO] Updating configuration display
2025-03-06 20:27:30 [INFO] Updating configuration display
2025-03-06 20:27:30 [INFO] Configuration display updated
2025-03-06 20:28:15 [INFO] Refreshing browser for country: ge
2025-03-06 20:28:15 [INFO] Closing browser
2025-03-06 20:28:15 [INFO] Starting browser launch process for country: ge
2025-03-06 20:28:15 [INFO] Starting browser for country: ge
2025-03-06 20:28:15 [INFO] Getting configuration for country: ge
2025-03-06 20:28:15 [INFO] Finding proxy for country: ge
2025-03-06 20:28:15 [INFO] Proxy credentials loaded successfully
2025-03-06 20:28:15 [INFO] Getting proxy info for server: pool.proxy.market:10000
2025-03-06 20:28:15 [INFO] Successfully got proxy info for IP: 5.178.149.217
2025-03-06 20:28:16 [INFO] Getting proxy info for server: pool.proxy.market:10001
2025-03-06 20:28:18 [ERROR] Error making request to ip-api.com with proxy pool.proxy.market:10001 Error: 503 Server Error: Service Unavailable for url: http://ip-api.com/json/
Traceback:
  File "/home/mirtrudmike/Projects/BROWSER/testing.py", line 93, in get_proxy_info
    response.raise_for_status()  # Проверка на ошибки HTTP
    ~~~~~~~~~~~~~~~~~~~~~~~~~^^
  File "/home/mirtrudmike/Projects/BROWSER/.venv/lib/python3.13/site-packages/requests/models.py", line 1024, in raise_for_status
    raise HTTPError(http_error_msg, response=self)

2025-03-06 20:28:18 [INFO] Getting proxy info for server: pool.proxy.market:10003
2025-03-06 20:28:18 [INFO] Successfully got proxy info for IP: 5.152.51.32
2025-03-06 20:28:18 [INFO] Found suitable proxy with IP: 5.152.51.32
2025-03-06 20:28:18 [INFO] Country configuration loaded successfully
2025-03-06 20:28:18 [INFO] Country configuration created successfully
2025-03-06 20:28:18 [INFO] Creating configuration for system: Win64, browser: Chrome
2025-03-06 20:28:18 [INFO] Configuration created successfully
2025-03-06 20:28:18 [INFO] Browser closed successfully
2025-03-06 20:28:21 [INFO] Browser started successfully
2025-03-06 20:28:21 [INFO] Updating configuration display
2025-03-06 20:28:21 [INFO] Updating configuration display
2025-03-06 20:28:21 [INFO] Configuration display updated
