2025-03-05 20:12:31 [INFO] Country configuration loaded successfully
2025-03-05 20:12:31 [INFO] Loaded 9 countries
2025-03-05 20:12:31 [INFO] Starting Browser Launcher application
2025-03-05 20:12:31 [INFO] Initializing Browser Launcher application
2025-03-05 20:12:31 [INFO] Browser Launcher initialized successfully
2025-03-05 20:12:31 [INFO] Asyncio event loop started in background thread
2025-03-05 20:12:33 [INFO] Application window shown
2025-03-05 20:12:40 [INFO] Country selected: 🇮🇱 Israel
2025-03-05 20:12:41 [INFO] Launching browser for country: il
2025-03-05 20:12:41 [INFO] Starting browser launch process for country: il
2025-03-05 20:12:41 [INFO] Starting browser for country: il
2025-03-05 20:12:41 [INFO] Getting configuration for country: il
2025-03-05 20:12:41 [INFO] Finding proxy for country: il
2025-03-05 20:12:41 [INFO] Proxy credentials loaded successfully
2025-03-05 20:12:41 [INFO] Getting proxy info for server: pool.proxy.market:10000
2025-03-05 20:12:42 [INFO] Successfully got proxy info for IP: 5.29.10.100
2025-03-05 20:12:42 [INFO] Found suitable proxy with IP: 5.29.10.100
2025-03-05 20:12:42 [INFO] Country configuration loaded successfully
2025-03-05 20:12:42 [INFO] Country configuration created successfully
2025-03-05 20:12:42 [INFO] Creating configuration for system: Linux x86_64, browser: Firefox
2025-03-05 20:12:42 [INFO] Configuration created successfully
2025-03-05 20:12:53 [INFO] Browser started successfully
2025-03-05 20:12:53 [INFO] Updating configuration display
2025-03-05 20:12:53 [INFO] Updating configuration display
2025-03-05 20:12:53 [INFO] Configuration display updated
2025-03-05 20:16:14 [INFO] Country selected: 🇬🇪 Georgia
2025-03-05 20:16:15 [INFO] Refreshing browser for country: ge
2025-03-05 20:16:15 [INFO] Closing browser
2025-03-05 20:16:15 [INFO] Starting browser launch process for country: ge
2025-03-05 20:16:15 [INFO] Starting browser for country: ge
2025-03-05 20:16:15 [INFO] Getting configuration for country: ge
2025-03-05 20:16:15 [INFO] Finding proxy for country: ge
2025-03-05 20:16:15 [INFO] Proxy credentials loaded successfully
2025-03-05 20:16:15 [INFO] Getting proxy info for server: pool.proxy.market:10000
2025-03-05 20:16:16 [INFO] Successfully got proxy info for IP: 31.192.62.88
2025-03-05 20:16:16 [INFO] Found suitable proxy with IP: 31.192.62.88
2025-03-05 20:16:16 [INFO] Country configuration loaded successfully
2025-03-05 20:16:16 [INFO] Country configuration created successfully
2025-03-05 20:16:16 [INFO] Creating configuration for system: MacIntel, browser: Edge
2025-03-05 20:16:16 [INFO] Configuration created successfully
2025-03-05 20:16:16 [INFO] Browser closed successfully
2025-03-05 20:16:18 [INFO] Browser started successfully
2025-03-05 20:16:18 [INFO] Updating configuration display
2025-03-05 20:16:18 [INFO] Updating configuration display
2025-03-05 20:16:18 [INFO] Configuration display updated
2025-03-05 20:18:46 [INFO] Refreshing browser for country: ge
2025-03-05 20:18:46 [INFO] Closing browser
2025-03-05 20:18:46 [INFO] Starting browser launch process for country: ge
2025-03-05 20:18:46 [INFO] Starting browser for country: ge
2025-03-05 20:18:46 [INFO] Getting configuration for country: ge
2025-03-05 20:18:46 [INFO] Finding proxy for country: ge
2025-03-05 20:18:46 [INFO] Proxy credentials loaded successfully
2025-03-05 20:18:46 [INFO] Getting proxy info for server: pool.proxy.market:10000
2025-03-05 20:18:46 [INFO] Successfully got proxy info for IP: 31.192.62.88
2025-03-05 20:18:47 [INFO] Getting proxy info for server: pool.proxy.market:10001
2025-03-05 20:18:48 [INFO] Successfully got proxy info for IP: 46.49.86.22
2025-03-05 20:18:48 [INFO] Found suitable proxy with IP: 46.49.86.22
2025-03-05 20:18:48 [INFO] Country configuration loaded successfully
2025-03-05 20:18:48 [INFO] Country configuration created successfully
2025-03-05 20:18:48 [INFO] Creating configuration for system: Linux x86_64, browser: Firefox
2025-03-05 20:18:48 [INFO] Configuration created successfully
2025-03-05 20:18:48 [INFO] Browser closed successfully
2025-03-05 20:18:50 [INFO] Browser started successfully
2025-03-05 20:18:50 [INFO] Updating configuration display
2025-03-05 20:18:50 [INFO] Updating configuration display
2025-03-05 20:18:50 [INFO] Configuration display updated
2025-03-05 20:29:55 [INFO] Exiting application
2025-03-05 20:29:55 [INFO] Closing browser
