2025-03-01 04:40:26 [DEBUG] Loading country configuration...
2025-03-01 04:40:26 [DEBUG] Reading country configuration file...
2025-03-01 04:40:26 [INFO] Country configuration loaded successfully
2025-03-01 04:40:26 [INFO] Loaded 9 countries
2025-03-01 04:40:26 [INFO] Starting Browser Launcher application
2025-03-01 04:40:26 [INFO] Initializing Browser Launcher application
2025-03-01 04:40:26 [DEBUG] Setting up UI components
2025-03-01 04:40:26 [DEBUG] UI setup completed
2025-03-01 04:40:26 [DEBUG] Applying dark theme
2025-03-01 04:40:26 [DEBUG] Dark theme applied successfully
2025-03-01 04:40:26 [INFO] Browser Launcher initialized successfully
2025-03-01 04:40:26 [DEBUG] Starting asyncio event loop
2025-03-01 04:40:26 [INFO] Asyncio event loop started in background thread
2025-03-01 04:40:26 [INFO] Application window shown
2025-03-01 04:40:30 [INFO] Country selected: 🇬🇧 Great Britain
2025-03-01 04:40:32 [INFO] Country selected: 🇷🇺 Russia
2025-03-01 04:40:34 [INFO] Launching browser for country: ru
2025-03-01 04:40:34 [DEBUG] Starting new browser session
2025-03-01 04:40:34 [INFO] Starting browser launch process for country: ru
2025-03-01 04:40:34 [INFO] Starting browser for country: ru
2025-03-01 04:40:34 [INFO] Getting configuration for country: ru
2025-03-01 04:40:34 [INFO] Finding proxy for country: ru
2025-03-01 04:40:34 [DEBUG] Reading proxy credentials...
2025-03-01 04:40:34 [INFO] Proxy credentials loaded successfully
2025-03-01 04:40:34 [DEBUG] Reading used IPs file...
2025-03-01 04:40:34 [DEBUG] Loaded 82 used IPs
2025-03-01 04:40:34 [DEBUG] Trying proxy port: 10000
2025-03-01 04:40:34 [INFO] Getting proxy info for server: pool.proxy.market:10000
2025-03-01 04:40:34 [DEBUG] Making request to ip-api.com...
2025-03-01 04:40:35 [INFO] Successfully got proxy info for IP: 94.233.241.15
2025-03-01 04:40:35 [DEBUG] IP 94.233.241.15 already used, trying next port
2025-03-01 04:40:36 [DEBUG] Trying proxy port: 10001
2025-03-01 04:40:36 [INFO] Getting proxy info for server: pool.proxy.market:10001
2025-03-01 04:40:36 [DEBUG] Making request to ip-api.com...
2025-03-01 04:40:36 [INFO] Successfully got proxy info for IP: 95.26.139.207
2025-03-01 04:40:36 [DEBUG] Writing new used IP: 95.26.139.207
2025-03-01 04:40:36 [DEBUG] IP written successfully
2025-03-01 04:40:36 [INFO] Found suitable proxy with IP: 95.26.139.207
2025-03-01 04:40:36 [DEBUG] Reading country configuration file...
2025-03-01 04:40:36 [INFO] Country configuration loaded successfully
2025-03-01 04:40:36 [DEBUG] Selected system: Win64
2025-03-01 04:40:36 [DEBUG] Selected user agent kit: {'user_agent': 'Mozilla/5.0 (Windows NT 10.0; Win64; x64) AppleWebKit/537.36 (KHTML, like Gecko) Edge/118.0.0.0 Safari/537.36', 'screen_size': [1680, 1050], 'language': 'ru-RU,ru;q=0.9,en-US;q=0.8,en;q=0.7'}
2025-03-01 04:40:36 [INFO] Country configuration created successfully
2025-03-01 04:40:36 [DEBUG] Country configuration: {'proxy_info': {'ip': '95.26.139.207', 'country': 'Russia', 'countryCode': 'RU', 'city': 'Moscow', 'timezone': 'Europe/Moscow', 'location': {'latitude': 55.7487, 'longitude': 37.6187}, 'credentials': {'server': 'http://pool.proxy.market:10001', 'username': 'QXyEpQqfIkiv', 'password': 'RNW78Fm5'}}, 'system': 'Win64', 'user_agent': 'Mozilla/5.0 (Windows NT 10.0; Win64; x64) AppleWebKit/537.36 (KHTML, like Gecko) Edge/118.0.0.0 Safari/537.36', 'screen_size': [1680, 1050], 'language': 'ru-RU,ru;q=0.9,en-US;q=0.8,en;q=0.7'}
2025-03-01 04:40:36 [DEBUG] Detected browser type: Edge
2025-03-01 04:40:36 [INFO] Creating configuration for system: Win64, browser: Edge
2025-03-01 04:40:36 [DEBUG] Generated session hash: 43c15896af5f6a4c2698ba05c7c1a446
2025-03-01 04:40:36 [DEBUG] Selecting base browser parameters...
2025-03-01 04:40:36 [DEBUG] Generated consistent random for salt 'webgl': 0.5344839275166362
2025-03-01 04:40:36 [DEBUG] Selected item with salt 'webgl': {'vendor': 'AMD', 'renderer': 'AMD Radeon(TM) Graphics'}
2025-03-01 04:40:36 [DEBUG] Generated consistent random for salt 'canvas': 0.6309133334833184
2025-03-01 04:40:36 [DEBUG] Selected item with salt 'canvas': {'red': 4, 'green': 5, 'blue': 6, 'image_type': 'image/png', 'quality': 0.9}
2025-03-01 04:40:36 [DEBUG] Generated consistent random for salt 'audio': 0.8572065104066192
2025-03-01 04:40:36 [DEBUG] Selected item with salt 'audio': {'noiseIntensity': 0.00014, 'sampleRate': 48000, 'channelCount': 2}
2025-03-01 04:40:36 [DEBUG] Generated consistent random for salt 'ip': 0.9033739569807201
2025-03-01 04:40:36 [DEBUG] Selected item with salt 'ip': ['10.100.200.250', 'fe80::aaaa:bbbb:cccc:dddd', '172.20.0.200']
2025-03-01 04:40:37 [DEBUG] Generated consistent random for salt 'hardware': 0.9601141880213939
2025-03-01 04:40:37 [DEBUG] Selected item with salt 'hardware': {'hardwareConcurrency': 16, 'deviceMemory': 32, 'platform': 'Win64', 'oscpu': 'Windows NT 10.0'}
2025-03-01 04:40:37 [DEBUG] Generated consistent random for salt 'battery': 0.74962929668196
2025-03-01 04:40:37 [DEBUG] Selected item with salt 'battery': {'charging': False, 'chargingTime': None, 'dischargingTime': 1800, 'level': 0.23}
2025-03-01 04:40:37 [DEBUG] Generated consistent random for salt 'plugins': 0.19194191800667626
2025-03-01 04:40:37 [DEBUG] Selected item with salt 'plugins': {'plugins': [{'name': 'Chrome PDF Plugin', 'filename': 'internal-pdf-viewer', 'description': 'Portable Document Format'}, {'name': 'Chrome PDF Viewer', 'filename': 'internal-pdf-viewer', 'description': 'Portable Document Format'}, {'name': 'Native Client', 'filename': 'internal-nacl-plugin', 'description': 'Native Client'}], 'mimeTypes': [{'type': 'application/pdf', 'suffixes': 'pdf', 'description': 'Portable Document Format'}, {'type': 'application/x-google-chrome-pdf', 'suffixes': 'pdf', 'description': 'Portable Document Format'}, {'type': 'application/x-nacl', 'suffixes': '', 'description': 'Native Client'}]}
2025-03-01 04:40:37 [DEBUG] Generated consistent random for salt 'canvas2d': 0.9454844427195096
2025-03-01 04:40:37 [DEBUG] Selected item with salt 'canvas2d': {'font': '13px Verdana', 'textBaseline': 'bottom', 'fillStyle': '#1a1a1a', 'quality': 0.9}
2025-03-01 04:40:37 [DEBUG] Generated consistent random for salt 'fonts': 0.2405199982924844
2025-03-01 04:40:37 [DEBUG] Selected item with salt 'fonts': ['Arial', 'Times New Roman', 'Calibri', 'Verdana', 'Segoe UI']
2025-03-01 04:40:37 [DEBUG] Selecting screen parameters...
2025-03-01 04:40:37 [DEBUG] Generated consistent random for salt 'screen': 0.05272788745582406
2025-03-01 04:40:37 [DEBUG] Selected item with salt 'screen': {'width': 1920, 'height': 1080, 'colorDepth': 24, 'pixelDepth': 24, 'dpi': 96}
2025-03-01 04:40:37 [DEBUG] Configuring user behavior parameters...
2025-03-01 04:40:37 [DEBUG] Generated consistent random for salt 'mouse_speed': 0.8667041240144261
2025-03-01 04:40:37 [DEBUG] Selected item with salt 'mouse_speed': 1.5
2025-03-01 04:40:37 [DEBUG] Generated consistent random for salt 'click_delay': 0.6605037237823229
2025-03-01 04:40:37 [DEBUG] Selected item with salt 'click_delay': 150
2025-03-01 04:40:37 [DEBUG] Generated consistent random for salt 'dbl_click': 0.4907588084446825
2025-03-01 04:40:37 [DEBUG] Selected item with salt 'dbl_click': 250
2025-03-01 04:40:37 [DEBUG] Generated consistent random for salt 'typing_speed': 0.7422644547320343
2025-03-01 04:40:37 [DEBUG] Selected item with salt 'typing_speed': 200
2025-03-01 04:40:37 [DEBUG] Generated consistent random for salt 'typing_var': 0.7551710057551345
2025-03-01 04:40:37 [DEBUG] Selected item with salt 'typing_var': 40
2025-03-01 04:40:37 [DEBUG] Generated consistent random for salt 'key_press': 0.05716638559680438
2025-03-01 04:40:37 [DEBUG] Selected item with salt 'key_press': 50
2025-03-01 04:40:37 [DEBUG] Generated consistent random for salt 'scroll_speed': 0.4033916487140715
2025-03-01 04:40:37 [DEBUG] Selected item with salt 'scroll_speed': 150
2025-03-01 04:40:37 [DEBUG] Generated consistent random for salt 'scroll_smooth': 0.09653132269714393
2025-03-01 04:40:37 [DEBUG] Selected item with salt 'scroll_smooth': 0.8
2025-03-01 04:40:37 [DEBUG] Generated consistent random for salt 'scroll_pause': 0.1422070336549953
2025-03-01 04:40:37 [DEBUG] Selected item with salt 'scroll_pause': 500
2025-03-01 04:40:37 [DEBUG] Configuring browser history parameters...
2025-03-01 04:40:37 [DEBUG] Generated consistent random for salt 'visit_freq': 0.02865535942318425
2025-03-01 04:40:37 [DEBUG] Selected item with salt 'visit_freq': {'daily': 20, 'weekly': 100, 'monthly': 400}
2025-03-01 04:40:37 [DEBUG] Generated consistent random for salt 'time_spent': 0.5189505310898581
2025-03-01 04:40:37 [DEBUG] Selected item with salt 'time_spent': {'min': 45, 'avg': 150, 'max': 350}
2025-03-01 04:40:37 [DEBUG] Generated consistent random for salt 'bookmarks': 0.24917719583929923
2025-03-01 04:40:37 [DEBUG] Selected item with salt 'bookmarks': 10
2025-03-01 04:40:37 [DEBUG] Generated consistent random for salt 'history_depth': 0.7931718094220424
2025-03-01 04:40:37 [DEBUG] Selected item with salt 'history_depth': 60
2025-03-01 04:40:37 [DEBUG] Configuring network parameters...
2025-03-01 04:40:37 [DEBUG] Generated consistent random for salt 'bandwidth': 0.7555444132116552
2025-03-01 04:40:37 [DEBUG] Selected item with salt 'bandwidth': {'download': 200000000, 'upload': 100000000}
2025-03-01 04:40:37 [DEBUG] Generated consistent random for salt 'latency': 0.8369539107300646
2025-03-01 04:40:37 [DEBUG] Selected item with salt 'latency': {'min': 40, 'avg': 70, 'max': 100}
2025-03-01 04:40:37 [DEBUG] Generated consistent random for salt 'packet_loss': 0.024530253862822846
2025-03-01 04:40:37 [DEBUG] Selected item with salt 'packet_loss': 0.0
2025-03-01 04:40:37 [DEBUG] Generated consistent random for salt 'connection': 0.21526235120453704
2025-03-01 04:40:37 [DEBUG] Selected item with salt 'connection': wifi
2025-03-01 04:40:37 [DEBUG] Applying parameter variations...
2025-03-01 04:40:37 [DEBUG] Generated consistent random for salt 'noise': 0.07596287629255787
2025-03-01 04:40:37 [DEBUG] Generated consistent random for salt 'quality': 0.10791850290822658
2025-03-01 04:40:37 [DEBUG] Generated consistent random for salt 'mouse_var': 0.002672065008386325
2025-03-01 04:40:37 [DEBUG] Generated consistent random for salt 'typing_var': 0.7551710057551345
2025-03-01 04:40:37 [DEBUG] Generated consistent random for salt 'scroll_var': 0.9471212871202855
2025-03-01 04:40:37 [DEBUG] Generated consistent random for salt 'usb': 0.5500092166451295
2025-03-01 04:40:37 [DEBUG] Generated consistent random for salt 'hid': 0.8680794333376266
2025-03-01 04:40:37 [INFO] Configuration created successfully
2025-03-01 04:40:37 [DEBUG] Final configuration: {'hardware': {'hardwareConcurrency': 16, 'deviceMemory': 32, 'platform': 'Win64', 'oscpu': 'Windows NT 10.0'}, 'local_ip_set': ['10.100.200.250', 'fe80::aaaa:bbbb:cccc:dddd', '172.20.0.200'], 'webgl': {'vendor': 'AMD', 'renderer': 'AMD Radeon(TM) Graphics'}, 'canvas': {'red': 4, 'green': 5, 'blue': 6, 'image_type': 'image/png', 'quality': 0.8858850661046962}, 'audio': {'noiseIntensity': 0.0001340634802680958, 'sampleRate': 48000, 'channelCount': 2}, 'battery': {'charging': False, 'chargingTime': None, 'dischargingTime': 1800, 'level': 0.23}, 'usb': {'disableUSB': True, 'disableHID': True}, 'plugins': {'plugins': [{'name': 'Chrome PDF Plugin', 'filename': 'internal-pdf-viewer', 'description': 'Portable Document Format'}, {'name': 'Chrome PDF Viewer', 'filename': 'internal-pdf-viewer', 'description': 'Portable Document Format'}, {'name': 'Native Client', 'filename': 'internal-nacl-plugin', 'description': 'Native Client'}], 'mimeTypes': [{'type': 'application/pdf', 'suffixes': 'pdf', 'description': 'Portable Document Format'}, {'type': 'application/x-google-chrome-pdf', 'suffixes': 'pdf', 'description': 'Portable Document Format'}, {'type': 'application/x-nacl', 'suffixes': '', 'description': 'Native Client'}]}, 'canvas_2d': {'font': '13px Verdana', 'textBaseline': 'bottom', 'fillStyle': '#1a1a1a', 'quality': 0.9}, 'fonts': ['Arial', 'Times New Roman', 'Calibri', 'Verdana', 'Segoe UI'], 'screen': {'width': 1920, 'height': 1080, 'colorDepth': 24, 'pixelDepth': 24, 'dpi': 96}, 'user_behavior': {'mouse': {'moveSpeed': 1.4254008097512578, 'clickDelay': 150, 'doubleClickDelay': 250}, 'keyboard': {'typingSpeed': 205.1034201151027, 'typingVariance': 40, 'keyPressTime': 50}, 'scroll': {'speed': 156.70681930680428, 'smoothness': 0.8, 'pauseTime': 500}}, 'history': {'visitFrequency': {'daily': 20, 'weekly': 100, 'monthly': 400}, 'timeSpent': {'min': 45, 'avg': 150, 'max': 350}, 'bookmarkCount': 10, 'historyDepth': 60}, 'network': {'bandwidth': {'download': 200000000, 'upload': 100000000}, 'latency': {'min': 40, 'avg': 70, 'max': 100}, 'packetLoss': 0.0, 'connectionType': 'wifi'}}
2025-03-01 04:40:37 [DEBUG] Browser configuration created
2025-03-01 04:40:37 [DEBUG] Initializing Playwright...
2025-03-01 04:40:38 [DEBUG] Launching browser...
2025-03-01 04:40:39 [DEBUG] Creating browser context...
2025-03-01 04:40:39 [DEBUG] Creating new page...
2025-03-01 04:40:40 [DEBUG] Adding masking scripts...
2025-03-01 04:40:40 [DEBUG] Adding hardware configuration scripts...
2025-03-01 04:40:40 [DEBUG] Adding WebRTC configuration...
2025-03-01 04:40:40 [DEBUG] Adding WebGL configuration...
2025-03-01 04:40:40 [DEBUG] Adding Canvas configuration...
2025-03-01 04:40:40 [DEBUG] Adding Audio configuration...
2025-03-01 04:40:40 [DEBUG] Adding Battery configuration...
2025-03-01 04:40:40 [DEBUG] Adding USB configuration...
2025-03-01 04:40:40 [DEBUG] Adding Plugins configuration...
2025-03-01 04:40:40 [DEBUG] Adding Platform configuration...
2025-03-01 04:40:40 [DEBUG] Adding Language configuration...
2025-03-01 04:40:40 [DEBUG] Adding Canvas 2D configuration...
2025-03-01 04:40:40 [ERROR] Error starting browser Error: 'red'
Traceback:
  File "/home/mirtrudmike/Projects/BROWSER/testing.py", line 598, in start_browser
    imageData.data[i] ^= {canvas_2['red']};
                          ~~~~~~~~^^^^^^^

2025-03-01 04:40:40 [ERROR] Browser or configuration is None
