2025-03-01 04:53:04 [INFO] Country configuration loaded successfully
2025-03-01 04:53:04 [INFO] Loaded 9 countries
2025-03-01 04:53:04 [INFO] Starting Browser Launcher application
2025-03-01 04:53:04 [INFO] Initializing Browser Launcher application
2025-03-01 04:53:04 [INFO] Browser Launcher initialized successfully
2025-03-01 04:53:04 [INFO] Asyncio event loop started in background thread
2025-03-01 04:53:04 [INFO] Application window shown
2025-03-01 04:53:08 [INFO] Country selected: 🇮🇱 Israel
2025-03-01 04:53:10 [INFO] Country selected: 🇷🇺 Russia
2025-03-01 04:53:11 [INFO] Launching browser for country: ru
2025-03-01 04:53:11 [INFO] Starting browser launch process for country: ru
2025-03-01 04:53:11 [INFO] Starting browser for country: ru
2025-03-01 04:53:11 [INFO] Getting configuration for country: ru
2025-03-01 04:53:11 [INFO] Finding proxy for country: ru
2025-03-01 04:53:11 [INFO] Proxy credentials loaded successfully
2025-03-01 04:53:11 [INFO] Getting proxy info for server: pool.proxy.market:10000
2025-03-01 04:53:11 [INFO] Successfully got proxy info for IP: 94.233.241.15
2025-03-01 04:53:12 [INFO] Getting proxy info for server: pool.proxy.market:10001
2025-03-01 04:53:13 [INFO] Successfully got proxy info for IP: 95.26.139.207
2025-03-01 04:53:14 [INFO] Getting proxy info for server: pool.proxy.market:10003
2025-03-01 04:53:15 [INFO] Successfully got proxy info for IP: 95.53.181.128
2025-03-01 04:53:16 [INFO] Getting proxy info for server: pool.proxy.market:10006
2025-03-01 04:53:17 [INFO] Successfully got proxy info for IP: 188.186.40.99
2025-03-01 04:53:18 [INFO] Getting proxy info for server: pool.proxy.market:10010
2025-03-01 04:53:19 [INFO] Successfully got proxy info for IP: 178.46.213.195
2025-03-01 04:53:19 [INFO] Found suitable proxy with IP: 178.46.213.195
2025-03-01 04:53:19 [INFO] Country configuration loaded successfully
2025-03-01 04:53:19 [INFO] Country configuration created successfully
2025-03-01 04:53:19 [INFO] Creating configuration for system: Win64, browser: Chrome
2025-03-01 04:53:19 [INFO] Configuration created successfully
2025-03-01 04:53:21 [INFO] Browser started successfully
2025-03-01 04:53:21 [INFO] Waiting for browser close event
2025-03-01 04:53:21 [ERROR] Error in browser launch process Error: 'Browser' object has no attribute 'wait_for_event'
Traceback:
  File "/home/mirtrudmike/Projects/BROWSER/gui.py", line 178, in launch_browser
    await self.browser.wait_for_event("close")
          ^^^^^^^^^^^^^^^^^^^^^^^^^^^

2025-03-01 05:04:18 [INFO] Exiting application
2025-03-01 05:04:18 [INFO] Closing browser
