2025-04-04 01:20:08 [INFO] Country configuration loaded successfully
2025-04-04 01:20:08 [INFO] Loaded 10 countries
2025-04-04 01:20:08 [INFO] Starting Browser Launcher application
2025-04-04 01:20:08 [INFO] Initializing Browser Launcher application
2025-04-04 01:20:08 [INFO] Browser Launcher initialized successfully
2025-04-04 01:20:08 [INFO] Asyncio event loop started in background thread
2025-04-04 01:20:08 [INFO] Application window shown
2025-04-04 01:20:38 [INFO] Country selected: 🇬🇧 Great Britain
2025-04-04 01:20:40 [INFO] Launching browser for country: gb
2025-04-04 01:20:40 [INFO] Starting browser launch process for country: gb
2025-04-04 01:20:40 [INFO] Starting browser for country: gb
2025-04-04 01:20:40 [INFO] Getting configuration for country: gb
2025-04-04 01:20:40 [INFO] Finding proxy for country: gb
2025-04-04 01:20:40 [INFO] Proxy credentials loaded successfully
2025-04-04 01:20:40 [INFO] Getting proxy info for server: pool.proxy.market:10000
2025-04-04 01:20:41 [INFO] Successfully got proxy info for IP: 94.9.49.117
2025-04-04 01:20:41 [INFO] Found suitable proxy with IP: 94.9.49.117
2025-04-04 01:20:41 [INFO] Country configuration loaded successfully
2025-04-04 01:20:41 [INFO] Country configuration created successfully
2025-04-04 01:20:41 [INFO] Creating configuration for system: Win64, browser: Chrome
2025-04-04 01:20:41 [INFO] Configuration created successfully
2025-04-04 01:20:44 [INFO] Browser started successfully
2025-04-04 01:20:44 [INFO] Updating configuration display
2025-04-04 01:20:44 [INFO] Updating configuration display
2025-04-04 01:20:44 [INFO] Configuration display updated
2025-04-04 01:21:09 [INFO] Refreshing browser for country: gb
2025-04-04 01:21:09 [INFO] Closing browser
2025-04-04 01:21:09 [INFO] Starting browser launch process for country: gb
2025-04-04 01:21:09 [INFO] Starting browser for country: gb
2025-04-04 01:21:09 [INFO] Getting configuration for country: gb
2025-04-04 01:21:09 [INFO] Finding proxy for country: gb
2025-04-04 01:21:09 [INFO] Proxy credentials loaded successfully
2025-04-04 01:21:09 [INFO] Getting proxy info for server: pool.proxy.market:10000
2025-04-04 01:21:09 [INFO] Successfully got proxy info for IP: 94.9.49.117
2025-04-04 01:21:10 [INFO] Getting proxy info for server: pool.proxy.market:10001
2025-04-04 01:21:11 [INFO] Successfully got proxy info for IP: 77.100.123.97
2025-04-04 01:21:11 [INFO] Found suitable proxy with IP: 77.100.123.97
2025-04-04 01:21:11 [INFO] Country configuration loaded successfully
2025-04-04 01:21:11 [INFO] Country configuration created successfully
2025-04-04 01:21:11 [INFO] Creating configuration for system: MacIntel, browser: Chrome
2025-04-04 01:21:11 [INFO] Configuration created successfully
2025-04-04 01:21:11 [INFO] Browser closed successfully
2025-04-04 01:21:12 [INFO] Browser started successfully
2025-04-04 01:21:12 [INFO] Updating configuration display
2025-04-04 01:21:12 [INFO] Updating configuration display
2025-04-04 01:21:12 [INFO] Configuration display updated
2025-04-04 01:24:51 [INFO] Exiting application
2025-04-04 01:24:51 [INFO] Closing browser
