2025-03-29 04:06:54 [INFO] Country configuration loaded successfully
2025-03-29 04:06:54 [INFO] Loaded 10 countries
2025-03-29 04:06:54 [INFO] Starting Browser Launcher application
2025-03-29 04:06:54 [INFO] Initializing Browser Launcher application
2025-03-29 04:06:54 [INFO] Browser Launcher initialized successfully
2025-03-29 04:06:54 [INFO] Asyncio event loop started in background thread
2025-03-29 04:06:55 [INFO] Application window shown
2025-03-29 04:07:00 [INFO] Country selected: 🇹🇷 Turkey
2025-03-29 04:07:02 [INFO] Launching browser for country: tr
2025-03-29 04:07:02 [INFO] Starting browser launch process for country: tr
2025-03-29 04:07:02 [INFO] Starting browser for country: tr
2025-03-29 04:07:02 [INFO] Getting configuration for country: tr
2025-03-29 04:07:02 [INFO] Finding proxy for country: tr
2025-03-29 04:07:02 [INFO] Proxy credentials loaded successfully
2025-03-29 04:07:02 [INFO] Getting proxy info for server: pool.proxy.market:10000
2025-03-29 04:07:03 [INFO] Successfully got proxy info for IP: 88.230.97.158
2025-03-29 04:07:03 [INFO] Found suitable proxy with IP: 88.230.97.158
2025-03-29 04:07:03 [INFO] Country configuration loaded successfully
2025-03-29 04:07:03 [INFO] Country configuration created successfully
2025-03-29 04:07:03 [INFO] Creating configuration for system: Linux x86_64, browser: Firefox
2025-03-29 04:07:03 [INFO] Configuration created successfully
2025-03-29 04:07:06 [INFO] Browser started successfully
2025-03-29 04:07:06 [INFO] Updating configuration display
2025-03-29 04:07:06 [INFO] Updating configuration display
2025-03-29 04:07:06 [INFO] Configuration display updated
2025-04-01 03:10:26 [INFO] Exiting application
2025-04-01 03:10:27 [INFO] Closing browser
