2025-04-08 03:16:44 [INFO] Country configuration loaded successfully
2025-04-08 03:16:44 [INFO] Loaded 11 countries
2025-04-08 03:16:44 [INFO] Starting Browser Launcher application
2025-04-08 03:16:44 [INFO] Initializing Browser Launcher application
2025-04-08 03:16:44 [INFO] Browser Launcher initialized successfully
2025-04-08 03:16:44 [INFO] Asyncio event loop started in background thread
2025-04-08 03:16:44 [INFO] Application window shown
2025-04-08 03:16:48 [INFO] Country selected: 🇰🇷 Korea
2025-04-08 03:16:51 [INFO] Launching browser for country: kr
2025-04-08 03:16:51 [INFO] Starting browser launch process for country: kr
2025-04-08 03:16:51 [INFO] Starting browser for country: kr
2025-04-08 03:16:51 [INFO] Getting configuration for country: kr
2025-04-08 03:16:51 [INFO] Finding proxy for country: kr
2025-04-08 03:16:51 [INFO] Proxy credentials loaded successfully
2025-04-08 03:16:51 [INFO] Getting proxy info for server: pool.proxy.market:10000
2025-04-08 03:16:52 [INFO] Successfully got proxy info for IP: 1.226.157.84
2025-04-08 03:16:52 [INFO] Found suitable proxy with IP: 1.226.157.84
2025-04-08 03:16:52 [INFO] Country configuration loaded successfully
2025-04-08 03:16:52 [INFO] Country configuration created successfully
2025-04-08 03:16:52 [INFO] Creating configuration for system: Win64, browser: Edge
2025-04-08 03:16:52 [INFO] Configuration created successfully
2025-04-08 03:16:56 [INFO] Browser started successfully
2025-04-08 03:16:56 [INFO] Updating configuration display
2025-04-08 03:16:56 [INFO] Updating configuration display
2025-04-08 03:16:56 [INFO] Configuration display updated
2025-04-08 03:17:32 [INFO] Refreshing browser for country: kr
2025-04-08 03:17:32 [INFO] Closing browser
2025-04-08 03:17:32 [INFO] Starting browser launch process for country: kr
2025-04-08 03:17:32 [INFO] Starting browser for country: kr
2025-04-08 03:17:32 [INFO] Getting configuration for country: kr
2025-04-08 03:17:32 [INFO] Finding proxy for country: kr
2025-04-08 03:17:32 [INFO] Proxy credentials loaded successfully
2025-04-08 03:17:32 [INFO] Getting proxy info for server: pool.proxy.market:10000
2025-04-08 03:17:34 [INFO] Successfully got proxy info for IP: 1.226.157.84
2025-04-08 03:17:35 [INFO] Getting proxy info for server: pool.proxy.market:10001
2025-04-08 03:17:36 [INFO] Successfully got proxy info for IP: 168.115.178.105
2025-04-08 03:17:36 [INFO] Found suitable proxy with IP: 168.115.178.105
2025-04-08 03:17:36 [INFO] Country configuration loaded successfully
2025-04-08 03:17:36 [INFO] Country configuration created successfully
2025-04-08 03:17:36 [INFO] Creating configuration for system: Linux x86_64, browser: Chrome
2025-04-08 03:17:36 [INFO] Configuration created successfully
2025-04-08 03:17:36 [INFO] Browser closed successfully
2025-04-08 03:17:38 [INFO] Browser started successfully
2025-04-08 03:17:38 [INFO] Updating configuration display
2025-04-08 03:17:38 [INFO] Updating configuration display
2025-04-08 03:17:38 [INFO] Configuration display updated
2025-04-08 03:21:49 [INFO] Exiting application
2025-04-08 03:21:49 [INFO] Closing browser
