2025-03-11 05:09:08 [INFO] Country configuration loaded successfully
2025-03-11 05:09:08 [INFO] Loaded 10 countries
2025-03-11 05:09:08 [INFO] Starting Browser Launcher application
2025-03-11 05:09:09 [INFO] Initializing Browser Launcher application
2025-03-11 05:09:09 [INFO] Browser Launcher initialized successfully
2025-03-11 05:09:09 [INFO] Asyncio event loop started in background thread
2025-03-11 05:09:09 [INFO] Application window shown
2025-03-11 05:09:32 [INFO] Country selected: 🇬🇪 Georgia
2025-03-11 05:09:35 [INFO] Country selected: 🇷🇺 Russia
2025-03-11 05:09:36 [INFO] Launching browser for country: ru
2025-03-11 05:09:36 [INFO] Starting browser launch process for country: ru
2025-03-11 05:09:36 [INFO] Starting browser for country: ru
2025-03-11 05:09:36 [INFO] Getting configuration for country: ru
2025-03-11 05:09:36 [INFO] Finding proxy for country: ru
2025-03-11 05:09:36 [INFO] Proxy credentials loaded successfully
2025-03-11 05:09:36 [INFO] Getting proxy info for server: pool.proxy.market:10000
2025-03-11 05:09:37 [INFO] Successfully got proxy info for IP: 185.63.217.211
2025-03-11 05:09:37 [INFO] Found suitable proxy with IP: 185.63.217.211
2025-03-11 05:09:37 [INFO] Country configuration loaded successfully
2025-03-11 05:09:37 [INFO] Country configuration created successfully
2025-03-11 05:09:37 [INFO] Creating configuration for system: MacIntel, browser: Chrome
2025-03-11 05:09:37 [INFO] Configuration created successfully
2025-03-11 05:09:41 [INFO] Browser started successfully
2025-03-11 05:09:41 [INFO] Updating configuration display
2025-03-11 05:09:41 [INFO] Updating configuration display
2025-03-11 05:09:41 [INFO] Configuration display updated
2025-03-11 05:10:03 [INFO] Refreshing browser for country: ru
2025-03-11 05:10:03 [INFO] Closing browser
2025-03-11 05:10:03 [INFO] Starting browser launch process for country: ru
2025-03-11 05:10:03 [INFO] Starting browser for country: ru
2025-03-11 05:10:03 [INFO] Getting configuration for country: ru
2025-03-11 05:10:03 [INFO] Finding proxy for country: ru
2025-03-11 05:10:03 [INFO] Proxy credentials loaded successfully
2025-03-11 05:10:03 [INFO] Getting proxy info for server: pool.proxy.market:10000
2025-03-11 05:10:04 [INFO] Successfully got proxy info for IP: 185.63.217.211
2025-03-11 05:10:05 [INFO] Getting proxy info for server: pool.proxy.market:10001
2025-03-11 05:10:11 [ERROR] Error making request to ip-api.com with proxy pool.proxy.market:10001 Error: 503 Server Error: Service Unavailable for url: http://ip-api.com/json/
Traceback:
  File "/home/mirtrudmike/Projects/BROWSER/testing.py", line 93, in get_proxy_info
    response.raise_for_status()  # Проверка на ошибки HTTP
    ~~~~~~~~~~~~~~~~~~~~~~~~~^^
  File "/home/mirtrudmike/Projects/BROWSER/.venv/lib/python3.13/site-packages/requests/models.py", line 1024, in raise_for_status
    raise HTTPError(http_error_msg, response=self)

2025-03-11 05:10:11 [INFO] Getting proxy info for server: pool.proxy.market:10003
2025-03-11 05:10:11 [INFO] Successfully got proxy info for IP: 185.144.62.21
2025-03-11 05:10:11 [INFO] Found suitable proxy with IP: 185.144.62.21
2025-03-11 05:10:11 [INFO] Country configuration loaded successfully
2025-03-11 05:10:11 [INFO] Country configuration created successfully
2025-03-11 05:10:11 [INFO] Creating configuration for system: Linux x86_64, browser: Chrome
2025-03-11 05:10:11 [INFO] Configuration created successfully
2025-03-11 05:10:11 [INFO] Browser closed successfully
2025-03-11 05:10:13 [INFO] Browser started successfully
2025-03-11 05:10:13 [INFO] Updating configuration display
2025-03-11 05:10:13 [INFO] Updating configuration display
2025-03-11 05:10:13 [INFO] Configuration display updated
2025-03-11 05:13:10 [INFO] Country selected: 🇹🇷 Turkey
2025-03-11 05:13:14 [INFO] Refreshing browser for country: tr
2025-03-11 05:13:14 [INFO] Closing browser
2025-03-11 05:13:14 [INFO] Starting browser launch process for country: tr
2025-03-11 05:13:14 [INFO] Starting browser for country: tr
2025-03-11 05:13:14 [INFO] Getting configuration for country: tr
2025-03-11 05:13:14 [INFO] Finding proxy for country: tr
2025-03-11 05:13:14 [INFO] Proxy credentials loaded successfully
2025-03-11 05:13:14 [INFO] Getting proxy info for server: pool.proxy.market:10000
2025-03-11 05:13:14 [INFO] Successfully got proxy info for IP: 176.240.245.234
2025-03-11 05:13:14 [INFO] Found suitable proxy with IP: 176.240.245.234
2025-03-11 05:13:14 [INFO] Country configuration loaded successfully
2025-03-11 05:13:14 [INFO] Country configuration created successfully
2025-03-11 05:13:14 [INFO] Creating configuration for system: Win64, browser: Chrome
2025-03-11 05:13:14 [INFO] Configuration created successfully
2025-03-11 05:13:14 [INFO] Browser closed successfully
2025-03-11 05:13:16 [INFO] Browser started successfully
2025-03-11 05:13:16 [INFO] Updating configuration display
2025-03-11 05:13:16 [INFO] Updating configuration display
2025-03-11 05:13:16 [INFO] Configuration display updated
2025-03-11 05:18:22 [INFO] Exiting application
2025-03-11 05:18:22 [INFO] Closing browser
