2025-03-14 18:02:53 [INFO] Country configuration loaded successfully
2025-03-14 18:02:53 [INFO] Loaded 10 countries
2025-03-14 18:02:53 [INFO] Starting Browser Launcher application
2025-03-14 18:02:53 [INFO] Initializing Browser Launcher application
2025-03-14 18:02:53 [INFO] Browser Launcher initialized successfully
2025-03-14 18:02:53 [INFO] Asyncio event loop started in background thread
2025-03-14 18:02:54 [INFO] Application window shown
2025-03-14 18:03:56 [INFO] Country selected: 🇬🇧 Great Britain
2025-03-14 18:03:58 [INFO] Launching browser for country: gb
2025-03-14 18:03:58 [INFO] Starting browser launch process for country: gb
2025-03-14 18:03:58 [INFO] Starting browser for country: gb
2025-03-14 18:03:58 [INFO] Getting configuration for country: gb
2025-03-14 18:03:58 [INFO] Finding proxy for country: gb
2025-03-14 18:03:58 [INFO] Proxy credentials loaded successfully
2025-03-14 18:03:58 [INFO] Getting proxy info for server: pool.proxy.market:10000
2025-03-14 18:03:58 [INFO] Successfully got proxy info for IP: 2.27.115.66
2025-03-14 18:03:58 [INFO] Found suitable proxy with IP: 2.27.115.66
2025-03-14 18:03:58 [INFO] Country configuration loaded successfully
2025-03-14 18:03:58 [INFO] Country configuration created successfully
2025-03-14 18:03:58 [INFO] Creating configuration for system: MacIntel, browser: Safari
2025-03-14 18:03:58 [INFO] Configuration created successfully
2025-03-14 18:04:01 [INFO] Browser started successfully
2025-03-14 18:04:01 [INFO] Updating configuration display
2025-03-14 18:04:01 [INFO] Updating configuration display
2025-03-14 18:04:01 [INFO] Configuration display updated
2025-03-14 18:04:51 [INFO] Exiting application
2025-03-14 18:04:51 [INFO] Closing browser
