2025-07-26 21:43:06 [INFO] Country configuration loaded successfully
2025-07-26 21:43:06 [INFO] Loaded 11 countries
2025-07-26 21:43:06 [INFO] Starting Browser Launcher application
2025-07-26 21:43:07 [INFO] Initializing Browser Launcher application
2025-07-26 21:43:07 [INFO] Browser Launcher initialized successfully
2025-07-26 21:43:07 [INFO] Asyncio event loop started in background thread
2025-07-26 21:43:07 [INFO] Application window shown
2025-07-26 21:43:17 [INFO] Country selected: 🇬🇪 Georgia
2025-07-26 21:43:19 [INFO] Launching browser for country: ge
2025-07-26 21:43:19 [INFO] Starting browser launch process for country: ge
2025-07-26 21:43:19 [INFO] Starting browser for country: ge
2025-07-26 21:43:19 [INFO] Getting configuration for country: ge
2025-07-26 21:43:19 [INFO] Finding proxy for country: ge
2025-07-26 21:43:19 [INFO] Proxy credentials loaded successfully
2025-07-26 21:43:19 [INFO] Getting proxy info for server: pool.proxy.market:10000
2025-07-26 21:43:20 [INFO] Successfully got proxy info for IP: 92.241.65.106
2025-07-26 21:43:20 [INFO] Found suitable proxy with IP: 92.241.65.106
2025-07-26 21:43:20 [INFO] Country configuration loaded successfully
2025-07-26 21:43:20 [INFO] Country configuration created successfully
2025-07-26 21:43:20 [INFO] Creating configuration for system: Win64, browser: Chrome
2025-07-26 21:43:20 [INFO] Configuration created successfully
2025-07-26 21:43:24 [INFO] Browser started successfully
2025-07-26 21:43:24 [INFO] Updating configuration display
2025-07-26 21:43:24 [INFO] Updating configuration display
2025-07-26 21:43:24 [INFO] Configuration display updated
2025-07-27 01:15:13 [INFO] Exiting application
2025-07-27 01:15:13 [INFO] Closing browser
