2025-03-16 08:37:57 [INFO] Country configuration loaded successfully
2025-03-16 08:37:57 [INFO] Loaded 10 countries
2025-03-16 08:37:57 [INFO] Starting Browser Launcher application
2025-03-16 08:37:57 [INFO] Initializing Browser Launcher application
2025-03-16 08:37:57 [INFO] Browser Launcher initialized successfully
2025-03-16 08:37:57 [INFO] Asyncio event loop started in background thread
2025-03-16 08:37:57 [INFO] Application window shown
2025-03-16 08:38:02 [INFO] Country selected: 🇦🇲 Armenia
2025-03-16 08:38:04 [INFO] Launching browser for country: am
2025-03-16 08:38:04 [INFO] Starting browser launch process for country: am
2025-03-16 08:38:04 [INFO] Starting browser for country: am
2025-03-16 08:38:04 [INFO] Getting configuration for country: am
2025-03-16 08:38:04 [INFO] Finding proxy for country: am
2025-03-16 08:38:04 [INFO] Proxy credentials loaded successfully
2025-03-16 08:38:04 [INFO] Getting proxy info for server: pool.proxy.market:10000
2025-03-16 08:38:04 [INFO] Successfully got proxy info for IP: 185.167.217.53
2025-03-16 08:38:04 [INFO] Found suitable proxy with IP: 185.167.217.53
2025-03-16 08:38:04 [INFO] Country configuration loaded successfully
2025-03-16 08:38:04 [INFO] Country configuration created successfully
2025-03-16 08:38:04 [INFO] Creating configuration for system: Linux x86_64, browser: Edge
2025-03-16 08:38:04 [INFO] Configuration created successfully
2025-03-16 08:38:07 [INFO] Browser started successfully
2025-03-16 08:38:07 [INFO] Updating configuration display
2025-03-16 08:38:07 [INFO] Updating configuration display
2025-03-16 08:38:07 [INFO] Configuration display updated
2025-03-16 08:42:29 [INFO] Exiting application
2025-03-16 08:42:29 [INFO] Closing browser
