2025-03-07 07:05:22 [INFO] Country configuration loaded successfully
2025-03-07 07:05:22 [INFO] Loaded 9 countries
2025-03-07 07:05:22 [INFO] Starting Browser Launcher application
2025-03-07 07:05:23 [INFO] Initializing Browser Launcher application
2025-03-07 07:05:23 [INFO] Browser Launcher initialized successfully
2025-03-07 07:05:23 [INFO] Asyncio event loop started in background thread
2025-03-07 07:05:23 [INFO] Application window shown
2025-03-07 07:05:48 [INFO] Country selected: 🇬🇧 Great Britain
2025-03-07 07:05:55 [INFO] Launching browser for country: gb
2025-03-07 07:05:55 [INFO] Starting browser launch process for country: gb
2025-03-07 07:05:55 [INFO] Starting browser for country: gb
2025-03-07 07:05:55 [INFO] Getting configuration for country: gb
2025-03-07 07:05:55 [INFO] Finding proxy for country: gb
2025-03-07 07:05:55 [INFO] Proxy credentials loaded successfully
2025-03-07 07:05:55 [INFO] Getting proxy info for server: pool.proxy.market:10000
2025-03-07 07:05:55 [INFO] Successfully got proxy info for IP: 80.42.13.44
2025-03-07 07:05:55 [INFO] Found suitable proxy with IP: 80.42.13.44
2025-03-07 07:05:55 [INFO] Country configuration loaded successfully
2025-03-07 07:05:55 [INFO] Country configuration created successfully
2025-03-07 07:05:55 [INFO] Creating configuration for system: Linux x86_64, browser: Chrome
2025-03-07 07:05:55 [INFO] Configuration created successfully
2025-03-07 07:05:58 [INFO] Browser started successfully
2025-03-07 07:05:58 [INFO] Updating configuration display
2025-03-07 07:05:58 [INFO] Updating configuration display
2025-03-07 07:05:58 [INFO] Configuration display updated
2025-03-07 07:19:36 [INFO] Exiting application
2025-03-07 07:19:36 [INFO] Closing browser
