2025-03-01 20:33:47 [INFO] Country configuration loaded successfully
2025-03-01 20:33:47 [INFO] Loaded 9 countries
2025-03-01 20:33:47 [INFO] Starting Browser Launcher application
2025-03-01 20:33:48 [INFO] Initializing Browser Launcher application
2025-03-01 20:33:48 [INFO] Browser Launcher initialized successfully
2025-03-01 20:33:48 [INFO] Asyncio event loop started in background thread
2025-03-01 20:33:48 [INFO] Application window shown
2025-03-01 20:33:54 [INFO] Country selected: 🇮🇱 Israel
2025-03-01 20:33:56 [INFO] Launching browser for country: il
2025-03-01 20:33:56 [INFO] Starting browser launch process for country: il
2025-03-01 20:33:56 [INFO] Starting browser for country: il
2025-03-01 20:33:56 [INFO] Getting configuration for country: il
2025-03-01 20:33:56 [INFO] Finding proxy for country: il
2025-03-01 20:33:56 [INFO] Proxy credentials loaded successfully
2025-03-01 20:33:56 [INFO] Getting proxy info for server: pool.proxy.market:10000
2025-03-01 20:33:57 [INFO] Successfully got proxy info for IP: 46.117.221.164
2025-03-01 20:33:57 [INFO] Found suitable proxy with IP: 46.117.221.164
2025-03-01 20:33:57 [INFO] Country configuration loaded successfully
2025-03-01 20:33:57 [INFO] Country configuration created successfully
2025-03-01 20:33:57 [INFO] Creating configuration for system: Linux x86_64, browser: Chrome
2025-03-01 20:33:57 [INFO] Configuration created successfully
2025-03-01 20:34:01 [INFO] Browser started successfully
2025-03-01 20:34:01 [INFO] Updating configuration display
2025-03-01 20:34:01 [INFO] Updating configuration display
2025-03-01 20:34:01 [INFO] Configuration display updated
2025-03-01 20:45:53 [INFO] Country selected: 🇦🇪 UAE
2025-03-01 20:45:55 [INFO] Launching browser for country: ae
2025-03-01 20:45:55 [INFO] Closing browser
2025-03-01 20:45:55 [INFO] Starting browser launch process for country: ae
2025-03-01 20:45:55 [INFO] Starting browser for country: ae
2025-03-01 20:45:55 [INFO] Getting configuration for country: ae
2025-03-01 20:45:55 [INFO] Finding proxy for country: ae
2025-03-01 20:45:55 [INFO] Proxy credentials loaded successfully
2025-03-01 20:45:55 [INFO] Getting proxy info for server: pool.proxy.market:10000
2025-03-01 20:45:56 [INFO] Successfully got proxy info for IP: 151.253.243.222
2025-03-01 20:45:56 [INFO] Found suitable proxy with IP: 151.253.243.222
2025-03-01 20:45:56 [INFO] Country configuration loaded successfully
2025-03-01 20:45:56 [INFO] Country configuration created successfully
2025-03-01 20:45:56 [INFO] Creating configuration for system: Win64, browser: Edge
2025-03-01 20:45:56 [INFO] Configuration created successfully
2025-03-01 20:45:56 [INFO] Browser closed successfully
2025-03-01 20:45:58 [INFO] Browser started successfully
2025-03-01 20:45:58 [INFO] Updating configuration display
2025-03-01 20:45:58 [INFO] Updating configuration display
2025-03-01 20:45:58 [INFO] Configuration display updated
2025-03-01 20:49:10 [INFO] Country selected: 🇬🇪 Georgia
2025-03-01 20:49:15 [INFO] Refreshing browser for country: ge
2025-03-01 20:49:15 [INFO] Closing browser
2025-03-01 20:49:15 [INFO] Starting browser launch process for country: ge
2025-03-01 20:49:15 [INFO] Starting browser for country: ge
2025-03-01 20:49:15 [INFO] Getting configuration for country: ge
2025-03-01 20:49:15 [INFO] Finding proxy for country: ge
2025-03-01 20:49:15 [INFO] Proxy credentials loaded successfully
2025-03-01 20:49:15 [INFO] Getting proxy info for server: pool.proxy.market:10000
2025-03-01 20:49:16 [INFO] Successfully got proxy info for IP: 212.58.119.129
2025-03-01 20:49:16 [INFO] Found suitable proxy with IP: 212.58.119.129
2025-03-01 20:49:16 [INFO] Country configuration loaded successfully
2025-03-01 20:49:16 [INFO] Country configuration created successfully
2025-03-01 20:49:16 [INFO] Creating configuration for system: MacIntel, browser: Chrome
2025-03-01 20:49:16 [INFO] Configuration created successfully
2025-03-01 20:49:16 [INFO] Browser closed successfully
2025-03-01 20:49:17 [INFO] Browser started successfully
2025-03-01 20:49:17 [INFO] Updating configuration display
2025-03-01 20:49:17 [INFO] Updating configuration display
2025-03-01 20:49:17 [INFO] Configuration display updated
2025-03-01 21:02:18 [INFO] Exiting application
2025-03-01 21:02:18 [INFO] Closing browser
