2025-03-05 03:50:00 [INFO] Country configuration loaded successfully
2025-03-05 03:50:00 [INFO] Loaded 9 countries
2025-03-05 03:50:00 [INFO] Starting Browser Launcher application
2025-03-05 03:50:00 [INFO] Initializing Browser Launcher application
2025-03-05 03:50:00 [INFO] Browser Launcher initialized successfully
2025-03-05 03:50:00 [INFO] Asyncio event loop started in background thread
2025-03-05 03:50:01 [INFO] Application window shown
2025-03-05 03:50:05 [INFO] Country selected: 🇬🇪 Georgia
2025-03-05 03:50:07 [INFO] Launching browser for country: ge
2025-03-05 03:50:07 [INFO] Starting browser launch process for country: ge
2025-03-05 03:50:07 [INFO] Starting browser for country: ge
2025-03-05 03:50:07 [INFO] Getting configuration for country: ge
2025-03-05 03:50:07 [INFO] Finding proxy for country: ge
2025-03-05 03:50:07 [INFO] Proxy credentials loaded successfully
2025-03-05 03:50:07 [INFO] Getting proxy info for server: pool.proxy.market:10000
2025-03-05 03:50:08 [ERROR] Error making request to ip-api.com with proxy pool.proxy.market:10000 Error: 503 Server Error: No exit node for url: http://ip-api.com/json/
Traceback:
  File "/home/mirtrudmike/Projects/BROWSER/testing.py", line 93, in get_proxy_info
    response.raise_for_status()  # Проверка на ошибки HTTP
    ~~~~~~~~~~~~~~~~~~~~~~~~~^^
  File "/home/mirtrudmike/Projects/BROWSER/.venv/lib/python3.13/site-packages/requests/models.py", line 1024, in raise_for_status
    raise HTTPError(http_error_msg, response=self)

2025-03-05 03:50:08 [INFO] Getting proxy info for server: pool.proxy.market:10001
2025-03-05 03:50:09 [INFO] Successfully got proxy info for IP: 94.43.235.110
2025-03-05 03:50:09 [INFO] Found suitable proxy with IP: 94.43.235.110
2025-03-05 03:50:09 [INFO] Country configuration loaded successfully
2025-03-05 03:50:09 [INFO] Country configuration created successfully
2025-03-05 03:50:09 [INFO] Creating configuration for system: Win64, browser: Chrome
2025-03-05 03:50:09 [INFO] Configuration created successfully
2025-03-05 03:50:12 [INFO] Browser started successfully
2025-03-05 03:50:12 [INFO] Updating configuration display
2025-03-05 03:50:12 [INFO] Updating configuration display
2025-03-05 03:50:12 [INFO] Configuration display updated
2025-03-05 03:51:30 [INFO] Refreshing browser for country: ge
2025-03-05 03:51:30 [INFO] Closing browser
2025-03-05 03:51:30 [INFO] Starting browser launch process for country: ge
2025-03-05 03:51:30 [INFO] Starting browser for country: ge
2025-03-05 03:51:30 [INFO] Getting configuration for country: ge
2025-03-05 03:51:30 [INFO] Finding proxy for country: ge
2025-03-05 03:51:30 [INFO] Proxy credentials loaded successfully
2025-03-05 03:51:30 [INFO] Getting proxy info for server: pool.proxy.market:10000
2025-03-05 03:51:31 [ERROR] Error making request to ip-api.com with proxy pool.proxy.market:10000 Error: 503 Server Error: No exit node for url: http://ip-api.com/json/
Traceback:
  File "/home/mirtrudmike/Projects/BROWSER/testing.py", line 93, in get_proxy_info
    response.raise_for_status()  # Проверка на ошибки HTTP
    ~~~~~~~~~~~~~~~~~~~~~~~~~^^
  File "/home/mirtrudmike/Projects/BROWSER/.venv/lib/python3.13/site-packages/requests/models.py", line 1024, in raise_for_status
    raise HTTPError(http_error_msg, response=self)

2025-03-05 03:51:31 [INFO] Getting proxy info for server: pool.proxy.market:10001
2025-03-05 03:51:32 [INFO] Successfully got proxy info for IP: 94.43.235.110
2025-03-05 03:51:33 [INFO] Getting proxy info for server: pool.proxy.market:10003
2025-03-05 03:51:34 [INFO] Successfully got proxy info for IP: 212.72.143.82
2025-03-05 03:51:34 [INFO] Found suitable proxy with IP: 212.72.143.82
2025-03-05 03:51:34 [INFO] Country configuration loaded successfully
2025-03-05 03:51:34 [INFO] Country configuration created successfully
2025-03-05 03:51:34 [INFO] Creating configuration for system: Linux x86_64, browser: Firefox
2025-03-05 03:51:34 [INFO] Configuration created successfully
2025-03-05 03:51:34 [INFO] Browser closed successfully
2025-03-05 03:51:36 [INFO] Browser started successfully
2025-03-05 03:51:36 [INFO] Updating configuration display
2025-03-05 03:51:36 [INFO] Updating configuration display
2025-03-05 03:51:36 [INFO] Configuration display updated
2025-03-05 03:53:25 [INFO] Refreshing browser for country: ge
2025-03-05 03:53:25 [INFO] Closing browser
2025-03-05 03:53:25 [INFO] Starting browser launch process for country: ge
2025-03-05 03:53:25 [INFO] Starting browser for country: ge
2025-03-05 03:53:25 [INFO] Getting configuration for country: ge
2025-03-05 03:53:25 [INFO] Finding proxy for country: ge
2025-03-05 03:53:25 [INFO] Proxy credentials loaded successfully
2025-03-05 03:53:25 [INFO] Getting proxy info for server: pool.proxy.market:10000
2025-03-05 03:53:25 [INFO] Successfully got proxy info for IP: 5.178.149.172
2025-03-05 03:53:25 [INFO] Found suitable proxy with IP: 5.178.149.172
2025-03-05 03:53:25 [INFO] Country configuration loaded successfully
2025-03-05 03:53:25 [INFO] Country configuration created successfully
2025-03-05 03:53:25 [INFO] Creating configuration for system: Linux x86_64, browser: Firefox
2025-03-05 03:53:25 [INFO] Configuration created successfully
2025-03-05 03:53:25 [INFO] Browser closed successfully
2025-03-05 03:53:27 [INFO] Browser started successfully
2025-03-05 03:53:27 [INFO] Updating configuration display
2025-03-05 03:53:27 [INFO] Updating configuration display
2025-03-05 03:53:27 [INFO] Configuration display updated
2025-03-05 04:03:10 [INFO] Refreshing browser for country: ge
2025-03-05 04:03:10 [INFO] Closing browser
2025-03-05 04:03:10 [INFO] Starting browser launch process for country: ge
2025-03-05 04:03:10 [INFO] Starting browser for country: ge
2025-03-05 04:03:10 [INFO] Getting configuration for country: ge
2025-03-05 04:03:10 [INFO] Finding proxy for country: ge
2025-03-05 04:03:10 [INFO] Proxy credentials loaded successfully
2025-03-05 04:03:10 [INFO] Getting proxy info for server: pool.proxy.market:10000
2025-03-05 04:03:11 [INFO] Successfully got proxy info for IP: 5.178.149.172
2025-03-05 04:03:12 [INFO] Getting proxy info for server: pool.proxy.market:10001
2025-03-05 04:03:12 [INFO] Successfully got proxy info for IP: 85.209.81.243
2025-03-05 04:03:12 [INFO] Found suitable proxy with IP: 85.209.81.243
2025-03-05 04:03:12 [INFO] Country configuration loaded successfully
2025-03-05 04:03:12 [INFO] Country configuration created successfully
2025-03-05 04:03:12 [INFO] Creating configuration for system: Linux x86_64, browser: Firefox
2025-03-05 04:03:12 [INFO] Configuration created successfully
2025-03-05 04:03:12 [INFO] Browser closed successfully
2025-03-05 04:03:14 [INFO] Browser started successfully
2025-03-05 04:03:14 [INFO] Updating configuration display
2025-03-05 04:03:14 [INFO] Updating configuration display
2025-03-05 04:03:14 [INFO] Configuration display updated
2025-03-05 06:12:58 [INFO] Exiting application
2025-03-05 06:12:58 [INFO] Closing browser
