2025-03-25 14:47:25 [INFO] Country configuration loaded successfully
2025-03-25 14:47:25 [INFO] Loaded 10 countries
2025-03-25 14:47:25 [INFO] Starting Browser Launcher application
2025-03-25 14:47:25 [INFO] Initializing Browser Launcher application
2025-03-25 14:47:25 [INFO] Browser Launcher initialized successfully
2025-03-25 14:47:25 [INFO] Asyncio event loop started in background thread
2025-03-25 14:47:25 [INFO] Application window shown
2025-03-25 14:50:01 [INFO] Country selected: 🇬🇪 Georgia
2025-03-25 14:50:03 [INFO] Launching browser for country: ge
2025-03-25 14:50:03 [INFO] Starting browser launch process for country: ge
2025-03-25 14:50:03 [INFO] Starting browser for country: ge
2025-03-25 14:50:03 [INFO] Getting configuration for country: ge
2025-03-25 14:50:03 [INFO] Finding proxy for country: ge
2025-03-25 14:50:03 [INFO] Proxy credentials loaded successfully
2025-03-25 14:50:03 [INFO] Getting proxy info for server: pool.proxy.market:10000
2025-03-25 14:50:09 [INFO] Successfully got proxy info for IP: 92.51.75.246
2025-03-25 14:50:09 [INFO] Found suitable proxy with IP: 92.51.75.246
2025-03-25 14:50:09 [INFO] Country configuration loaded successfully
2025-03-25 14:50:09 [INFO] Country configuration created successfully
2025-03-25 14:50:09 [INFO] Creating configuration for system: MacIntel, browser: Chrome
2025-03-25 14:50:09 [INFO] Configuration created successfully
2025-03-25 14:50:12 [INFO] Browser started successfully
2025-03-25 14:50:12 [INFO] Updating configuration display
2025-03-25 14:50:12 [INFO] Updating configuration display
2025-03-25 14:50:12 [INFO] Configuration display updated
2025-03-26 20:38:32 [INFO] Exiting application
2025-03-26 20:38:32 [INFO] Closing browser
