2025-03-20 21:54:29 [INFO] Country configuration loaded successfully
2025-03-20 21:54:29 [INFO] Loaded 10 countries
2025-03-20 21:54:29 [INFO] Starting Browser Launcher application
2025-03-20 21:54:29 [INFO] Initializing Browser Launcher application
2025-03-20 21:54:29 [INFO] Browser Launcher initialized successfully
2025-03-20 21:54:29 [INFO] Asyncio event loop started in background thread
2025-03-20 21:54:29 [INFO] Application window shown
2025-03-20 21:54:43 [INFO] Country selected: 🇦🇲 Armenia
2025-03-20 21:54:51 [INFO] Launching browser for country: am
2025-03-20 21:54:51 [INFO] Starting browser launch process for country: am
2025-03-20 21:54:51 [INFO] Starting browser for country: am
2025-03-20 21:54:51 [INFO] Getting configuration for country: am
2025-03-20 21:54:51 [INFO] Finding proxy for country: am
2025-03-20 21:54:51 [INFO] Proxy credentials loaded successfully
2025-03-20 21:54:51 [INFO] Getting proxy info for server: pool.proxy.market:10000
2025-03-20 21:54:52 [INFO] Successfully got proxy info for IP: 5.77.205.98
2025-03-20 21:54:52 [INFO] Found suitable proxy with IP: 5.77.205.98
2025-03-20 21:54:52 [INFO] Country configuration loaded successfully
2025-03-20 21:54:52 [INFO] Country configuration created successfully
2025-03-20 21:54:52 [INFO] Creating configuration for system: MacIntel, browser: Edge
2025-03-20 21:54:52 [INFO] Configuration created successfully
2025-03-20 21:54:56 [INFO] Browser started successfully
2025-03-20 21:54:56 [INFO] Updating configuration display
2025-03-20 21:54:56 [INFO] Updating configuration display
2025-03-20 21:54:56 [INFO] Configuration display updated
2025-03-20 21:56:05 [INFO] Launching browser for country: am
2025-03-20 21:56:05 [INFO] Closing browser
2025-03-20 21:56:05 [INFO] Starting browser launch process for country: am
2025-03-20 21:56:05 [INFO] Starting browser for country: am
2025-03-20 21:56:05 [INFO] Getting configuration for country: am
2025-03-20 21:56:05 [INFO] Finding proxy for country: am
2025-03-20 21:56:05 [INFO] Proxy credentials loaded successfully
2025-03-20 21:56:05 [INFO] Getting proxy info for server: pool.proxy.market:10000
2025-03-20 21:56:05 [INFO] Successfully got proxy info for IP: 5.77.205.98
2025-03-20 21:56:06 [INFO] Getting proxy info for server: pool.proxy.market:10001
2025-03-20 21:56:07 [INFO] Successfully got proxy info for IP: 5.77.201.72
2025-03-20 21:56:07 [INFO] Found suitable proxy with IP: 5.77.201.72
2025-03-20 21:56:07 [INFO] Country configuration loaded successfully
2025-03-20 21:56:07 [INFO] Country configuration created successfully
2025-03-20 21:56:07 [INFO] Creating configuration for system: Win64, browser: Chrome
2025-03-20 21:56:07 [INFO] Configuration created successfully
2025-03-20 21:56:07 [INFO] Browser closed successfully
2025-03-20 21:56:08 [INFO] Browser started successfully
2025-03-20 21:56:08 [INFO] Updating configuration display
2025-03-20 21:56:08 [INFO] Updating configuration display
2025-03-20 21:56:08 [INFO] Configuration display updated
2025-03-20 21:57:08 [INFO] Launching browser for country: am
2025-03-20 21:57:08 [INFO] Closing browser
2025-03-20 21:57:08 [INFO] Starting browser launch process for country: am
2025-03-20 21:57:08 [INFO] Starting browser for country: am
2025-03-20 21:57:08 [INFO] Getting configuration for country: am
2025-03-20 21:57:08 [INFO] Finding proxy for country: am
2025-03-20 21:57:08 [INFO] Proxy credentials loaded successfully
2025-03-20 21:57:08 [INFO] Getting proxy info for server: pool.proxy.market:10000
2025-03-20 21:57:08 [INFO] Successfully got proxy info for IP: 5.77.205.98
2025-03-20 21:57:09 [INFO] Getting proxy info for server: pool.proxy.market:10001
2025-03-20 21:57:10 [INFO] Successfully got proxy info for IP: 5.77.201.72
2025-03-20 21:57:11 [INFO] Getting proxy info for server: pool.proxy.market:10003
2025-03-20 21:57:11 [INFO] Successfully got proxy info for IP: 5.77.192.114
2025-03-20 21:57:11 [INFO] Found suitable proxy with IP: 5.77.192.114
2025-03-20 21:57:11 [INFO] Country configuration loaded successfully
2025-03-20 21:57:11 [INFO] Country configuration created successfully
2025-03-20 21:57:11 [INFO] Creating configuration for system: Win64, browser: Firefox
2025-03-20 21:57:11 [INFO] Configuration created successfully
2025-03-20 21:57:11 [INFO] Browser closed successfully
2025-03-20 21:57:13 [INFO] Browser started successfully
2025-03-20 21:57:13 [INFO] Updating configuration display
2025-03-20 21:57:13 [INFO] Updating configuration display
2025-03-20 21:57:13 [INFO] Configuration display updated
2025-03-20 21:57:46 [INFO] Country selected: 🇮🇱 Israel
2025-03-20 21:57:48 [INFO] Launching browser for country: il
2025-03-20 21:57:48 [INFO] Closing browser
2025-03-20 21:57:48 [INFO] Starting browser launch process for country: il
2025-03-20 21:57:48 [INFO] Starting browser for country: il
2025-03-20 21:57:48 [INFO] Getting configuration for country: il
2025-03-20 21:57:48 [INFO] Finding proxy for country: il
2025-03-20 21:57:48 [INFO] Proxy credentials loaded successfully
2025-03-20 21:57:48 [INFO] Getting proxy info for server: pool.proxy.market:10000
2025-03-20 21:57:49 [INFO] Successfully got proxy info for IP: 79.177.168.48
2025-03-20 21:57:49 [INFO] Found suitable proxy with IP: 79.177.168.48
2025-03-20 21:57:49 [INFO] Country configuration loaded successfully
2025-03-20 21:57:49 [INFO] Country configuration created successfully
2025-03-20 21:57:49 [INFO] Creating configuration for system: Linux x86_64, browser: Firefox
2025-03-20 21:57:49 [INFO] Configuration created successfully
2025-03-20 21:57:49 [INFO] Browser closed successfully
2025-03-20 21:57:50 [INFO] Browser started successfully
2025-03-20 21:57:50 [INFO] Updating configuration display
2025-03-20 21:57:50 [INFO] Updating configuration display
2025-03-20 21:57:50 [INFO] Configuration display updated
2025-03-20 21:59:23 [INFO] Country selected: 🇩🇪 Germany
2025-03-20 21:59:26 [INFO] Refreshing browser for country: de
2025-03-20 21:59:26 [INFO] Closing browser
2025-03-20 21:59:26 [INFO] Starting browser launch process for country: de
2025-03-20 21:59:26 [INFO] Starting browser for country: de
2025-03-20 21:59:26 [INFO] Getting configuration for country: de
2025-03-20 21:59:26 [INFO] Finding proxy for country: de
2025-03-20 21:59:26 [INFO] Proxy credentials loaded successfully
2025-03-20 21:59:26 [INFO] Getting proxy info for server: pool.proxy.market:10000
2025-03-20 21:59:26 [INFO] Successfully got proxy info for IP: 77.189.123.98
2025-03-20 21:59:26 [INFO] Found suitable proxy with IP: 77.189.123.98
2025-03-20 21:59:26 [INFO] Country configuration loaded successfully
2025-03-20 21:59:26 [INFO] Country configuration created successfully
2025-03-20 21:59:26 [INFO] Creating configuration for system: Linux x86_64, browser: Firefox
2025-03-20 21:59:26 [INFO] Configuration created successfully
2025-03-20 21:59:26 [INFO] Browser closed successfully
2025-03-20 21:59:27 [INFO] Browser started successfully
2025-03-20 21:59:27 [INFO] Updating configuration display
2025-03-20 21:59:27 [INFO] Updating configuration display
2025-03-20 21:59:27 [INFO] Configuration display updated
2025-03-21 11:35:50 [INFO] Exiting application
2025-03-21 11:35:51 [INFO] Closing browser
