2025-03-11 21:28:13 [INFO] Country configuration loaded successfully
2025-03-11 21:28:13 [INFO] Loaded 10 countries
2025-03-11 21:28:13 [INFO] Starting Browser Launcher application
2025-03-11 21:28:13 [INFO] Initializing Browser Launcher application
2025-03-11 21:28:13 [INFO] Browser Launcher initialized successfully
2025-03-11 21:28:13 [INFO] Asyncio event loop started in background thread
2025-03-11 21:28:13 [INFO] Application window shown
2025-03-11 21:28:38 [INFO] Country selected: 🇮🇱 Israel
2025-03-11 21:28:42 [INFO] Country selected: 🇬🇪 Georgia
2025-03-11 21:28:45 [INFO] Launching browser for country: ge
2025-03-11 21:28:45 [INFO] Starting browser launch process for country: ge
2025-03-11 21:28:45 [INFO] Starting browser for country: ge
2025-03-11 21:28:45 [INFO] Getting configuration for country: ge
2025-03-11 21:28:45 [INFO] Finding proxy for country: ge
2025-03-11 21:28:45 [INFO] Proxy credentials loaded successfully
2025-03-11 21:28:45 [INFO] Getting proxy info for server: pool.proxy.market:10000
2025-03-11 21:28:45 [INFO] Successfully got proxy info for IP: 212.58.103.229
2025-03-11 21:28:45 [INFO] Found suitable proxy with IP: 212.58.103.229
2025-03-11 21:28:45 [INFO] Country configuration loaded successfully
2025-03-11 21:28:45 [INFO] Country configuration created successfully
2025-03-11 21:28:45 [INFO] Creating configuration for system: Linux x86_64, browser: Firefox
2025-03-11 21:28:45 [INFO] Configuration created successfully
2025-03-11 21:28:49 [INFO] Browser started successfully
2025-03-11 21:28:49 [INFO] Updating configuration display
2025-03-11 21:28:49 [INFO] Updating configuration display
2025-03-11 21:28:49 [INFO] Configuration display updated
2025-03-11 21:44:19 [INFO] Exiting application
2025-03-11 21:44:19 [INFO] Closing browser
