2025-03-01 05:06:05 [INFO] Country configuration loaded successfully
2025-03-01 05:06:05 [INFO] Loaded 9 countries
2025-03-01 05:06:05 [INFO] Starting Browser Launcher application
2025-03-01 05:06:05 [INFO] Initializing Browser Launcher application
2025-03-01 05:06:05 [INFO] Browser Launcher initialized successfully
2025-03-01 05:06:05 [INFO] Asyncio event loop started in background thread
2025-03-01 05:06:06 [INFO] Application window shown
2025-03-01 05:06:08 [INFO] Country selected: 🇩🇪 Germany
2025-03-01 05:06:09 [INFO] Launching browser for country: de
2025-03-01 05:06:09 [INFO] Starting browser launch process for country: de
2025-03-01 05:06:09 [INFO] Starting browser for country: de
2025-03-01 05:06:09 [INFO] Getting configuration for country: de
2025-03-01 05:06:09 [INFO] Finding proxy for country: de
2025-03-01 05:06:09 [INFO] Proxy credentials loaded successfully
2025-03-01 05:06:09 [INFO] Getting proxy info for server: pool.proxy.market:10000
2025-03-01 05:06:10 [INFO] Successfully got proxy info for IP: 87.147.175.31
2025-03-01 05:06:10 [INFO] Found suitable proxy with IP: 87.147.175.31
2025-03-01 05:06:10 [INFO] Country configuration loaded successfully
2025-03-01 05:06:10 [INFO] Country configuration created successfully
2025-03-01 05:06:10 [INFO] Creating configuration for system: MacIntel, browser: Chrome
2025-03-01 05:06:10 [INFO] Configuration created successfully
2025-03-01 05:06:13 [INFO] Browser started successfully
2025-03-01 05:06:13 [INFO] Updating configuration display
2025-03-01 05:07:25 [INFO] Exiting application
2025-03-01 05:07:25 [INFO] Closing browser
