2025-03-16 12:57:27 [INFO] Country configuration loaded successfully
2025-03-16 12:57:27 [INFO] Loaded 10 countries
2025-03-16 12:57:27 [INFO] Starting Browser Launcher application
2025-03-16 12:57:27 [INFO] Initializing Browser Launcher application
2025-03-16 12:57:27 [INFO] Browser Launcher initialized successfully
2025-03-16 12:57:27 [INFO] Asyncio event loop started in background thread
2025-03-16 12:57:28 [INFO] Application window shown
2025-03-16 12:57:32 [INFO] Country selected: 🇬🇪 Georgia
2025-03-16 12:57:33 [INFO] Launching browser for country: ge
2025-03-16 12:57:33 [INFO] Starting browser launch process for country: ge
2025-03-16 12:57:33 [INFO] Starting browser for country: ge
2025-03-16 12:57:33 [INFO] Getting configuration for country: ge
2025-03-16 12:57:33 [INFO] Finding proxy for country: ge
2025-03-16 12:57:33 [INFO] Proxy credentials loaded successfully
2025-03-16 12:57:33 [INFO] Getting proxy info for server: pool.proxy.market:10000
2025-03-16 12:57:34 [INFO] Successfully got proxy info for IP: 31.146.87.105
2025-03-16 12:57:34 [INFO] Found suitable proxy with IP: 31.146.87.105
2025-03-16 12:57:34 [INFO] Country configuration loaded successfully
2025-03-16 12:57:34 [INFO] Country configuration created successfully
2025-03-16 12:57:34 [INFO] Creating configuration for system: MacIntel, browser: Safari
2025-03-16 12:57:34 [INFO] Configuration created successfully
2025-03-16 12:57:38 [INFO] Browser started successfully
2025-03-16 12:57:38 [INFO] Updating configuration display
2025-03-16 12:57:38 [INFO] Updating configuration display
2025-03-16 12:57:38 [INFO] Configuration display updated
2025-03-16 21:55:59 [INFO] Launching browser for country: ge
2025-03-16 21:55:59 [INFO] Closing browser
2025-03-16 21:55:59 [INFO] Starting browser launch process for country: ge
2025-03-16 21:55:59 [INFO] Starting browser for country: ge
2025-03-16 21:55:59 [INFO] Getting configuration for country: ge
2025-03-16 21:55:59 [INFO] Finding proxy for country: ge
2025-03-16 21:55:59 [INFO] Proxy credentials loaded successfully
2025-03-16 21:55:59 [INFO] Getting proxy info for server: pool.proxy.market:10000
2025-03-16 21:56:00 [INFO] Successfully got proxy info for IP: 85.118.117.33
2025-03-16 21:56:00 [INFO] Found suitable proxy with IP: 85.118.117.33
2025-03-16 21:56:00 [INFO] Country configuration loaded successfully
2025-03-16 21:56:00 [INFO] Country configuration created successfully
2025-03-16 21:56:00 [INFO] Creating configuration for system: MacIntel, browser: Safari
2025-03-16 21:56:00 [INFO] Configuration created successfully
2025-03-16 21:56:00 [INFO] Browser closed successfully
2025-03-16 21:56:02 [INFO] Browser started successfully
2025-03-16 21:56:02 [INFO] Updating configuration display
2025-03-16 21:56:02 [INFO] Updating configuration display
2025-03-16 21:56:02 [INFO] Configuration display updated
2025-03-17 11:00:15 [INFO] Launching browser for country: ge
2025-03-17 11:00:15 [INFO] Closing browser
2025-03-17 11:00:15 [INFO] Starting browser launch process for country: ge
2025-03-17 11:00:15 [INFO] Starting browser for country: ge
2025-03-17 11:00:15 [INFO] Getting configuration for country: ge
2025-03-17 11:00:15 [INFO] Finding proxy for country: ge
2025-03-17 11:00:15 [INFO] Proxy credentials loaded successfully
2025-03-17 11:00:15 [INFO] Getting proxy info for server: pool.proxy.market:10000
2025-03-17 11:00:17 [INFO] Successfully got proxy info for IP: 80.77.48.62
2025-03-17 11:00:17 [INFO] Found suitable proxy with IP: 80.77.48.62
2025-03-17 11:00:17 [INFO] Country configuration loaded successfully
2025-03-17 11:00:17 [INFO] Country configuration created successfully
2025-03-17 11:00:17 [INFO] Creating configuration for system: MacIntel, browser: Safari
2025-03-17 11:00:17 [INFO] Configuration created successfully
2025-03-17 11:00:17 [INFO] Browser closed successfully
2025-03-17 11:00:20 [INFO] Browser started successfully
2025-03-17 11:00:20 [INFO] Updating configuration display
2025-03-17 11:00:20 [INFO] Updating configuration display
2025-03-17 11:00:20 [INFO] Configuration display updated
2025-03-17 11:24:23 [INFO] Exiting application
2025-03-17 11:24:23 [INFO] Closing browser
