2025-04-10 21:25:22 [INFO] Country configuration loaded successfully
2025-04-10 21:25:22 [INFO] Loaded 11 countries
2025-04-10 21:25:22 [INFO] Starting Browser Launcher application
2025-04-10 21:25:22 [INFO] Initializing Browser Launcher application
2025-04-10 21:25:22 [INFO] Browser Launcher initialized successfully
2025-04-10 21:25:22 [INFO] Asyncio event loop started in background thread
2025-04-10 21:25:22 [INFO] Application window shown
2025-04-10 21:25:26 [INFO] Country selected: 🇬🇪 Georgia
2025-04-10 21:25:28 [INFO] Launching browser for country: ge
2025-04-10 21:25:28 [INFO] Starting browser launch process for country: ge
2025-04-10 21:25:28 [INFO] Starting browser for country: ge
2025-04-10 21:25:28 [INFO] Getting configuration for country: ge
2025-04-10 21:25:28 [INFO] Finding proxy for country: ge
2025-04-10 21:25:28 [INFO] Proxy credentials loaded successfully
2025-04-10 21:25:28 [INFO] Getting proxy info for server: pool.proxy.market:10000
2025-04-10 21:25:34 [ERROR] Error making request to ip-api.com with proxy pool.proxy.market:10000 Error: 503 Server Error: Service Unavailable for url: http://ip-api.com/json/
Traceback:
  File "/home/mirtrudmike/Projects/BROWSER/testing.py", line 93, in get_proxy_info
    response.raise_for_status()  # Проверка на ошибки HTTP
    ~~~~~~~~~~~~~~~~~~~~~~~~~^^
  File "/home/mirtrudmike/Projects/BROWSER/.venv/lib/python3.13/site-packages/requests/models.py", line 1024, in raise_for_status
    raise HTTPError(http_error_msg, response=self)

2025-04-10 21:25:34 [INFO] Getting proxy info for server: pool.proxy.market:10001
2025-04-10 21:25:35 [INFO] Successfully got proxy info for IP: 212.58.121.143
2025-04-10 21:25:35 [INFO] Found suitable proxy with IP: 212.58.121.143
2025-04-10 21:25:35 [INFO] Country configuration loaded successfully
2025-04-10 21:25:35 [INFO] Country configuration created successfully
2025-04-10 21:25:35 [INFO] Creating configuration for system: MacIntel, browser: Edge
2025-04-10 21:25:35 [INFO] Configuration created successfully
2025-04-10 21:25:39 [INFO] Browser started successfully
2025-04-10 21:25:39 [INFO] Updating configuration display
2025-04-10 21:25:39 [INFO] Updating configuration display
2025-04-10 21:25:39 [INFO] Configuration display updated
2025-04-10 21:32:50 [INFO] Exiting application
2025-04-10 21:32:50 [INFO] Closing browser
