2025-03-04 17:34:43 [INFO] Country configuration loaded successfully
2025-03-04 17:34:43 [INFO] Loaded 9 countries
2025-03-04 17:34:43 [INFO] Starting Browser Launcher application
2025-03-04 17:34:43 [INFO] Initializing Browser Launcher application
2025-03-04 17:34:43 [INFO] Browser Launcher initialized successfully
2025-03-04 17:34:43 [INFO] Asyncio event loop started in background thread
2025-03-04 17:34:48 [INFO] Application window shown
2025-03-04 17:35:50 [INFO] Country selected: 🇹🇷 Turkey
2025-03-04 17:35:53 [INFO] Launching browser for country: tr
2025-03-04 17:35:53 [INFO] Starting browser launch process for country: tr
2025-03-04 17:35:53 [INFO] Starting browser for country: tr
2025-03-04 17:35:53 [INFO] Getting configuration for country: tr
2025-03-04 17:35:53 [INFO] Finding proxy for country: tr
2025-03-04 17:35:53 [INFO] Proxy credentials loaded successfully
2025-03-04 17:35:53 [INFO] Getting proxy info for server: pool.proxy.market:10000
2025-03-04 17:35:53 [INFO] Successfully got proxy info for IP: 37.130.84.168
2025-03-04 17:35:53 [INFO] Found suitable proxy with IP: 37.130.84.168
2025-03-04 17:35:53 [INFO] Country configuration loaded successfully
2025-03-04 17:35:53 [INFO] Country configuration created successfully
2025-03-04 17:35:53 [INFO] Creating configuration for system: MacIntel, browser: Safari
2025-03-04 17:35:53 [INFO] Configuration created successfully
2025-03-04 17:35:58 [INFO] Browser started successfully
2025-03-04 17:35:58 [INFO] Updating configuration display
2025-03-04 17:35:58 [INFO] Updating configuration display
2025-03-04 17:35:58 [INFO] Configuration display updated
2025-03-04 17:50:36 [INFO] Refreshing browser for country: tr
2025-03-04 17:50:36 [INFO] Closing browser
2025-03-04 17:50:36 [INFO] Starting browser launch process for country: tr
2025-03-04 17:50:36 [INFO] Starting browser for country: tr
2025-03-04 17:50:36 [INFO] Getting configuration for country: tr
2025-03-04 17:50:36 [INFO] Finding proxy for country: tr
2025-03-04 17:50:36 [INFO] Proxy credentials loaded successfully
2025-03-04 17:50:36 [INFO] Getting proxy info for server: pool.proxy.market:10000
2025-03-04 17:50:38 [INFO] Successfully got proxy info for IP: 37.130.84.168
2025-03-04 17:50:39 [INFO] Getting proxy info for server: pool.proxy.market:10001
2025-03-04 17:50:39 [INFO] Successfully got proxy info for IP: 176.240.170.103
2025-03-04 17:50:39 [INFO] Found suitable proxy with IP: 176.240.170.103
2025-03-04 17:50:39 [INFO] Country configuration loaded successfully
2025-03-04 17:50:39 [INFO] Country configuration created successfully
2025-03-04 17:50:39 [INFO] Creating configuration for system: Linux x86_64, browser: Firefox
2025-03-04 17:50:39 [INFO] Configuration created successfully
2025-03-04 17:50:39 [INFO] Browser closed successfully
2025-03-04 17:50:41 [INFO] Browser started successfully
2025-03-04 17:50:41 [INFO] Updating configuration display
2025-03-04 17:50:41 [INFO] Updating configuration display
2025-03-04 17:50:41 [INFO] Configuration display updated
2025-03-04 18:01:44 [INFO] Country selected: 🇬🇪 Georgia
2025-03-04 18:01:48 [INFO] Refreshing browser for country: ge
2025-03-04 18:01:48 [INFO] Closing browser
2025-03-04 18:01:48 [INFO] Starting browser launch process for country: ge
2025-03-04 18:01:48 [INFO] Starting browser for country: ge
2025-03-04 18:01:48 [INFO] Getting configuration for country: ge
2025-03-04 18:01:48 [INFO] Finding proxy for country: ge
2025-03-04 18:01:48 [INFO] Proxy credentials loaded successfully
2025-03-04 18:01:48 [INFO] Getting proxy info for server: pool.proxy.market:10000
2025-03-04 18:01:49 [INFO] Successfully got proxy info for IP: 85.209.81.242
2025-03-04 18:01:49 [INFO] Found suitable proxy with IP: 85.209.81.242
2025-03-04 18:01:49 [INFO] Country configuration loaded successfully
2025-03-04 18:01:49 [INFO] Country configuration created successfully
2025-03-04 18:01:49 [INFO] Creating configuration for system: Win64, browser: Chrome
2025-03-04 18:01:49 [INFO] Configuration created successfully
2025-03-04 18:01:55 [INFO] Browser closed successfully
2025-03-04 18:01:55 [INFO] Browser started successfully
2025-03-04 18:01:55 [INFO] Updating configuration display
2025-03-04 18:01:55 [INFO] Updating configuration display
2025-03-04 18:01:55 [INFO] Configuration display updated
2025-03-04 18:03:09 [INFO] Refreshing browser for country: ge
2025-03-04 18:03:09 [INFO] Closing browser
2025-03-04 18:03:09 [INFO] Starting browser launch process for country: ge
2025-03-04 18:03:09 [INFO] Starting browser for country: ge
2025-03-04 18:03:09 [INFO] Getting configuration for country: ge
2025-03-04 18:03:09 [INFO] Finding proxy for country: ge
2025-03-04 18:03:09 [INFO] Proxy credentials loaded successfully
2025-03-04 18:03:09 [INFO] Getting proxy info for server: pool.proxy.market:10000
2025-03-04 18:03:10 [INFO] Successfully got proxy info for IP: 85.209.81.242
2025-03-04 18:03:11 [INFO] Getting proxy info for server: pool.proxy.market:10001
2025-03-04 18:03:12 [ERROR] Error making request to ip-api.com with proxy pool.proxy.market:10001 Error: 503 Server Error: Service Unavailable for url: http://ip-api.com/json/
Traceback:
  File "/home/mirtrudmike/Projects/BROWSER/testing.py", line 93, in get_proxy_info
    response.raise_for_status()  # Проверка на ошибки HTTP
    ~~~~~~~~~~~~~~~~~~~~~~~~~^^
  File "/home/mirtrudmike/Projects/BROWSER/.venv/lib/python3.13/site-packages/requests/models.py", line 1024, in raise_for_status
    raise HTTPError(http_error_msg, response=self)

2025-03-04 18:03:12 [INFO] Getting proxy info for server: pool.proxy.market:10003
2025-03-04 18:03:12 [INFO] Successfully got proxy info for IP: 212.58.120.219
2025-03-04 18:03:12 [INFO] Found suitable proxy with IP: 212.58.120.219
2025-03-04 18:03:12 [INFO] Country configuration loaded successfully
2025-03-04 18:03:12 [INFO] Country configuration created successfully
2025-03-04 18:03:12 [INFO] Creating configuration for system: MacIntel, browser: Chrome
2025-03-04 18:03:12 [INFO] Configuration created successfully
2025-03-04 18:03:12 [INFO] Browser closed successfully
2025-03-04 18:03:14 [INFO] Browser started successfully
2025-03-04 18:03:14 [INFO] Updating configuration display
2025-03-04 18:03:14 [INFO] Updating configuration display
2025-03-04 18:03:14 [INFO] Configuration display updated
2025-03-04 18:05:54 [INFO] Refreshing browser for country: ge
2025-03-04 18:05:54 [INFO] Closing browser
2025-03-04 18:05:54 [INFO] Starting browser launch process for country: ge
2025-03-04 18:05:54 [INFO] Starting browser for country: ge
2025-03-04 18:05:54 [INFO] Getting configuration for country: ge
2025-03-04 18:05:54 [INFO] Finding proxy for country: ge
2025-03-04 18:05:54 [INFO] Proxy credentials loaded successfully
2025-03-04 18:05:54 [INFO] Getting proxy info for server: pool.proxy.market:10000
2025-03-04 18:05:54 [INFO] Successfully got proxy info for IP: 85.209.81.242
2025-03-04 18:05:55 [INFO] Getting proxy info for server: pool.proxy.market:10001
2025-03-04 18:05:56 [ERROR] Error making request to ip-api.com with proxy pool.proxy.market:10001 Error: 503 Server Error: Service Unavailable for url: http://ip-api.com/json/
Traceback:
  File "/home/mirtrudmike/Projects/BROWSER/testing.py", line 93, in get_proxy_info
    response.raise_for_status()  # Проверка на ошибки HTTP
    ~~~~~~~~~~~~~~~~~~~~~~~~~^^
  File "/home/mirtrudmike/Projects/BROWSER/.venv/lib/python3.13/site-packages/requests/models.py", line 1024, in raise_for_status
    raise HTTPError(http_error_msg, response=self)

2025-03-04 18:05:56 [INFO] Getting proxy info for server: pool.proxy.market:10003
2025-03-04 18:05:57 [INFO] Successfully got proxy info for IP: 212.58.120.219
2025-03-04 18:05:58 [INFO] Getting proxy info for server: pool.proxy.market:10006
2025-03-04 18:06:00 [INFO] Successfully got proxy info for IP: 213.200.31.199
2025-03-04 18:06:00 [INFO] Found suitable proxy with IP: 213.200.31.199
2025-03-04 18:06:00 [INFO] Country configuration loaded successfully
2025-03-04 18:06:00 [INFO] Country configuration created successfully
2025-03-04 18:06:00 [INFO] Creating configuration for system: Linux x86_64, browser: Firefox
2025-03-04 18:06:00 [INFO] Configuration created successfully
2025-03-04 18:06:00 [INFO] Browser closed successfully
2025-03-04 18:06:01 [INFO] Browser started successfully
2025-03-04 18:06:01 [INFO] Updating configuration display
2025-03-04 18:06:01 [INFO] Updating configuration display
2025-03-04 18:06:01 [INFO] Configuration display updated
2025-03-04 18:35:38 [INFO] Launching browser for country: ge
2025-03-04 18:35:38 [INFO] Closing browser
2025-03-04 18:35:38 [INFO] Starting browser launch process for country: ge
2025-03-04 18:35:38 [INFO] Starting browser for country: ge
2025-03-04 18:35:38 [INFO] Getting configuration for country: ge
2025-03-04 18:35:38 [INFO] Finding proxy for country: ge
2025-03-04 18:35:38 [INFO] Proxy credentials loaded successfully
2025-03-04 18:35:38 [INFO] Getting proxy info for server: pool.proxy.market:10000
2025-03-04 18:35:38 [INFO] Successfully got proxy info for IP: 85.209.81.242
2025-03-04 18:35:39 [INFO] Getting proxy info for server: pool.proxy.market:10001
2025-03-04 18:35:41 [ERROR] Error making request to ip-api.com with proxy pool.proxy.market:10001 Error: 503 Server Error: Service Unavailable for url: http://ip-api.com/json/
Traceback:
  File "/home/mirtrudmike/Projects/BROWSER/testing.py", line 93, in get_proxy_info
    response.raise_for_status()  # Проверка на ошибки HTTP
    ~~~~~~~~~~~~~~~~~~~~~~~~~^^
  File "/home/mirtrudmike/Projects/BROWSER/.venv/lib/python3.13/site-packages/requests/models.py", line 1024, in raise_for_status
    raise HTTPError(http_error_msg, response=self)

2025-03-04 18:35:41 [INFO] Getting proxy info for server: pool.proxy.market:10003
2025-03-04 18:35:41 [INFO] Successfully got proxy info for IP: 212.58.120.219
2025-03-04 18:35:42 [INFO] Getting proxy info for server: pool.proxy.market:10006
2025-03-04 18:35:43 [INFO] Successfully got proxy info for IP: 213.200.31.199
2025-03-04 18:35:44 [INFO] Getting proxy info for server: pool.proxy.market:10010
2025-03-04 18:35:44 [INFO] Successfully got proxy info for IP: 5.152.107.116
2025-03-04 18:35:44 [INFO] Found suitable proxy with IP: 5.152.107.116
2025-03-04 18:35:44 [INFO] Country configuration loaded successfully
2025-03-04 18:35:44 [INFO] Country configuration created successfully
2025-03-04 18:35:44 [INFO] Creating configuration for system: MacIntel, browser: Chrome
2025-03-04 18:35:44 [INFO] Configuration created successfully
2025-03-04 18:35:44 [INFO] Browser closed successfully
2025-03-04 18:35:46 [INFO] Browser started successfully
2025-03-04 18:35:46 [INFO] Updating configuration display
2025-03-04 18:35:46 [INFO] Updating configuration display
2025-03-04 18:35:46 [INFO] Configuration display updated
2025-03-04 19:01:01 [INFO] Exiting application
2025-03-04 19:01:01 [INFO] Closing browser
