2025-03-19 12:15:58 [INFO] Country configuration loaded successfully
2025-03-19 12:15:58 [INFO] Loaded 10 countries
2025-03-19 12:15:58 [INFO] Starting Browser Launcher application
2025-03-19 12:15:58 [INFO] Initializing Browser Launcher application
2025-03-19 12:15:58 [INFO] Browser Launcher initialized successfully
2025-03-19 12:15:58 [INFO] Asyncio event loop started in background thread
2025-03-19 12:15:59 [INFO] Application window shown
2025-03-19 12:16:13 [INFO] Country selected: 🇮🇱 Israel
2025-03-19 12:16:15 [INFO] Launching browser for country: il
2025-03-19 12:16:15 [INFO] Starting browser launch process for country: il
2025-03-19 12:16:15 [INFO] Starting browser for country: il
2025-03-19 12:16:15 [INFO] Getting configuration for country: il
2025-03-19 12:16:15 [INFO] Finding proxy for country: il
2025-03-19 12:16:15 [INFO] Proxy credentials loaded successfully
2025-03-19 12:16:15 [INFO] Getting proxy info for server: pool.proxy.market:10000
2025-03-19 12:16:15 [INFO] Successfully got proxy info for IP: 213.151.59.7
2025-03-19 12:16:15 [INFO] Found suitable proxy with IP: 213.151.59.7
2025-03-19 12:16:15 [INFO] Country configuration loaded successfully
2025-03-19 12:16:15 [INFO] Country configuration created successfully
2025-03-19 12:16:15 [INFO] Creating configuration for system: Win64, browser: Firefox
2025-03-19 12:16:15 [INFO] Configuration created successfully
2025-03-19 12:16:20 [INFO] Browser started successfully
2025-03-19 12:16:20 [INFO] Updating configuration display
2025-03-19 12:16:20 [INFO] Updating configuration display
2025-03-19 12:16:20 [INFO] Configuration display updated
2025-03-19 12:18:49 [INFO] Refreshing browser for country: il
2025-03-19 12:18:49 [INFO] Closing browser
2025-03-19 12:18:49 [INFO] Starting browser launch process for country: il
2025-03-19 12:18:49 [INFO] Starting browser for country: il
2025-03-19 12:18:49 [INFO] Getting configuration for country: il
2025-03-19 12:18:49 [INFO] Finding proxy for country: il
2025-03-19 12:18:49 [INFO] Proxy credentials loaded successfully
2025-03-19 12:18:49 [INFO] Getting proxy info for server: pool.proxy.market:10000
2025-03-19 12:18:49 [INFO] Successfully got proxy info for IP: 213.151.59.7
2025-03-19 12:18:50 [INFO] Getting proxy info for server: pool.proxy.market:10001
2025-03-19 12:18:51 [INFO] Successfully got proxy info for IP: 81.199.224.150
2025-03-19 12:18:51 [INFO] Found suitable proxy with IP: 81.199.224.150
2025-03-19 12:18:51 [INFO] Country configuration loaded successfully
2025-03-19 12:18:51 [INFO] Country configuration created successfully
2025-03-19 12:18:51 [INFO] Creating configuration for system: Linux x86_64, browser: Firefox
2025-03-19 12:18:51 [INFO] Configuration created successfully
2025-03-19 12:18:51 [INFO] Browser closed successfully
2025-03-19 12:18:52 [INFO] Browser started successfully
2025-03-19 12:18:52 [INFO] Updating configuration display
2025-03-19 12:18:52 [INFO] Updating configuration display
2025-03-19 12:18:52 [INFO] Configuration display updated
2025-03-20 12:14:58 [INFO] Exiting application
2025-03-20 12:14:58 [INFO] Closing browser
