2025-05-13 21:57:14 [INFO] Country configuration loaded successfully
2025-05-13 21:57:14 [INFO] Loaded 11 countries
2025-05-13 21:57:14 [INFO] Starting Browser Launcher application
2025-05-13 21:57:14 [INFO] Initializing Browser Launcher application
2025-05-13 21:57:14 [INFO] Browser Launcher initialized successfully
2025-05-13 21:57:14 [INFO] Asyncio event loop started in background thread
2025-05-13 21:57:15 [INFO] Application window shown
2025-05-13 21:57:28 [INFO] Country selected: 🇬🇧 Great Britain
2025-05-13 21:57:30 [INFO] Launching browser for country: gb
2025-05-13 21:57:30 [INFO] Starting browser launch process for country: gb
2025-05-13 21:57:30 [INFO] Starting browser for country: gb
2025-05-13 21:57:30 [INFO] Getting configuration for country: gb
2025-05-13 21:57:30 [INFO] Finding proxy for country: gb
2025-05-13 21:57:30 [INFO] Proxy credentials loaded successfully
2025-05-13 21:57:30 [INFO] Getting proxy info for server: pool.proxy.market:10000
2025-05-13 21:57:33 [INFO] Successfully got proxy info for IP: 2.218.99.132
2025-05-13 21:57:33 [INFO] Found suitable proxy with IP: 2.218.99.132
2025-05-13 21:57:33 [INFO] Country configuration loaded successfully
2025-05-13 21:57:33 [INFO] Country configuration created successfully
2025-05-13 21:57:33 [INFO] Creating configuration for system: Win64, browser: Edge
2025-05-13 21:57:33 [INFO] Configuration created successfully
2025-05-13 21:57:36 [INFO] Browser started successfully
2025-05-13 21:57:36 [INFO] Updating configuration display
2025-05-13 21:57:36 [INFO] Updating configuration display
2025-05-13 21:57:36 [INFO] Configuration display updated
2025-05-13 21:59:16 [INFO] Exiting application
2025-05-13 21:59:16 [INFO] Closing browser
