2025-04-16 19:21:52 [INFO] Country configuration loaded successfully
2025-04-16 19:21:52 [INFO] Loaded 11 countries
2025-04-16 19:21:52 [INFO] Starting Browser Launcher application
2025-04-16 19:21:52 [INFO] Initializing Browser Launcher application
2025-04-16 19:21:52 [INFO] Browser Launcher initialized successfully
2025-04-16 19:21:52 [INFO] Asyncio event loop started in background thread
2025-04-16 19:21:52 [INFO] Application window shown
2025-04-16 19:22:07 [INFO] Country selected: 🇺🇸 USA
2025-04-16 19:22:09 [INFO] Launching browser for country: us
2025-04-16 19:22:09 [INFO] Starting browser launch process for country: us
2025-04-16 19:22:09 [INFO] Starting browser for country: us
2025-04-16 19:22:09 [INFO] Getting configuration for country: us
2025-04-16 19:22:09 [INFO] Finding proxy for country: us
2025-04-16 19:22:09 [INFO] Proxy credentials loaded successfully
2025-04-16 19:22:09 [INFO] Getting proxy info for server: pool.proxy.market:10000
2025-04-16 19:22:10 [INFO] Successfully got proxy info for IP: 99.70.208.240
2025-04-16 19:22:10 [INFO] Found suitable proxy with IP: 99.70.208.240
2025-04-16 19:22:10 [INFO] Country configuration loaded successfully
2025-04-16 19:22:10 [INFO] Country configuration created successfully
2025-04-16 19:22:10 [INFO] Creating configuration for system: MacIntel, browser: Edge
2025-04-16 19:22:10 [INFO] Configuration created successfully
2025-04-16 19:22:13 [INFO] Browser started successfully
2025-04-16 19:22:13 [INFO] Updating configuration display
2025-04-16 19:22:13 [INFO] Updating configuration display
2025-04-16 19:22:13 [INFO] Configuration display updated
