2025-03-01 04:28:07 [DEBUG] Loading country configuration...
2025-03-01 04:28:07 [DEBUG] Reading country configuration file...
2025-03-01 04:28:07 [INFO] Country configuration loaded successfully
2025-03-01 04:28:07 [INFO] Loaded 9 countries
2025-03-01 04:28:07 [INFO] Starting Browser Launcher application
2025-03-01 04:28:07 [INFO] Initializing Browser Launcher application
2025-03-01 04:28:07 [DEBUG] Setting up UI components
2025-03-01 04:28:07 [DEBUG] UI setup completed
2025-03-01 04:28:07 [DEBUG] Applying dark theme
2025-03-01 04:28:07 [DEBUG] Dark theme applied successfully
2025-03-01 04:28:07 [INFO] Browser Launcher initialized successfully
2025-03-01 04:28:07 [DEBUG] Starting asyncio event loop
2025-03-01 04:28:07 [INFO] Asyncio event loop started in background thread
2025-03-01 04:28:07 [INFO] Application window shown
2025-03-01 04:28:25 [INFO] Country selected: 🇩🇪 Germany
2025-03-01 04:28:28 [INFO] Launching browser for country: de
2025-03-01 04:28:28 [DEBUG] Starting new browser session
2025-03-01 04:28:28 [INFO] Starting browser launch process for country: de
2025-03-01 04:28:28 [INFO] Starting browser for country: de
2025-03-01 04:28:28 [INFO] Getting configuration for country: de
2025-03-01 04:28:28 [INFO] Finding proxy for country: de
2025-03-01 04:28:28 [DEBUG] Reading proxy credentials...
2025-03-01 04:28:28 [INFO] Proxy credentials loaded successfully
2025-03-01 04:28:28 [DEBUG] Reading used IPs file...
2025-03-01 04:28:28 [DEBUG] Loaded 80 used IPs
2025-03-01 04:28:28 [DEBUG] Trying proxy port: 10000
2025-03-01 04:28:28 [INFO] Getting proxy info for server: pool.proxy.market:10000
2025-03-01 04:28:28 [DEBUG] Making request to ip-api.com...
2025-03-01 04:28:28 [INFO] Successfully got proxy info for IP: 2.206.169.250
2025-03-01 04:28:28 [DEBUG] Writing new used IP: 2.206.169.250
2025-03-01 04:28:28 [DEBUG] IP written successfully
2025-03-01 04:28:28 [INFO] Found suitable proxy with IP: 2.206.169.250
2025-03-01 04:28:28 [DEBUG] Reading country configuration file...
2025-03-01 04:28:28 [INFO] Country configuration loaded successfully
2025-03-01 04:28:28 [DEBUG] Selected system: Linux x86_64
2025-03-01 04:28:28 [DEBUG] Selected user agent kit: {'user_agent': 'Mozilla/5.0 (X11; Linux x86_64) AppleWebKit/537.36 (KHTML, like Gecko) Chrome/118.0.0.0 Safari/537.36', 'screen_size': [1280, 1024], 'language': 'de-DE,de;q=0.9,en-US;q=0.8,en;q=0.7'}
2025-03-01 04:28:28 [INFO] Country configuration created successfully
2025-03-01 04:28:28 [DEBUG] Country configuration: {'proxy_info': {'ip': '2.206.169.250', 'country': 'Germany', 'countryCode': 'DE', 'city': 'Oberhausen', 'timezone': 'Europe/Berlin', 'location': {'latitude': 51.4742, 'longitude': 6.8592}, 'credentials': {'server': 'http://pool.proxy.market:10000', 'username': 'kYNY4XCBUTwA', 'password': 'RNW78Fm5'}}, 'system': 'Linux x86_64', 'user_agent': 'Mozilla/5.0 (X11; Linux x86_64) AppleWebKit/537.36 (KHTML, like Gecko) Chrome/118.0.0.0 Safari/537.36', 'screen_size': [1280, 1024], 'language': 'de-DE,de;q=0.9,en-US;q=0.8,en;q=0.7'}
2025-03-01 04:28:28 [DEBUG] Detected browser type: Chrome
2025-03-01 04:28:28 [INFO] Creating configuration for system: Linux x86_64, browser: Chrome
2025-03-01 04:28:28 [DEBUG] Generated session hash: 5796c9616f8fa1d8eb935f36b450e53b
2025-03-01 04:28:28 [DEBUG] Selecting base browser parameters...
2025-03-01 04:28:28 [DEBUG] Generated consistent random for salt 'webgl': 0.37484007535096353
2025-03-01 04:28:28 [DEBUG] Selected item with salt 'webgl': {'vendor': 'AMD', 'renderer': 'AMD RADV NAVI14'}
2025-03-01 04:28:28 [DEBUG] Generated consistent random for salt 'canvas': 0.40549910403472983
2025-03-01 04:28:28 [DEBUG] Selected item with salt 'canvas': {'red': 1, 'green': 3, 'blue': 5, 'image_type': 'image/jpeg', 'quality': 0.87}
2025-03-01 04:28:28 [DEBUG] Generated consistent random for salt 'audio': 0.3604894727748935
2025-03-01 04:28:28 [DEBUG] Selected item with salt 'audio': {'noiseIntensity': 0.00016, 'sampleRate': 48000, 'channelCount': 2}
2025-03-01 04:28:28 [DEBUG] Generated consistent random for salt 'ip': 0.7206288539561231
2025-03-01 04:28:28 [DEBUG] Selected item with salt 'ip': ['192.168.5.150', 'fe80::2222:3333:4444:5555', '10.10.0.100']
2025-03-01 04:28:28 [DEBUG] Generated consistent random for salt 'hardware': 0.9144868678698882
2025-03-01 04:28:28 [DEBUG] Selected item with salt 'hardware': {'hardwareConcurrency': 6, 'deviceMemory': 8, 'platform': 'Linux x86_64', 'oscpu': 'Linux x86_64'}
2025-03-01 04:28:28 [DEBUG] Generated consistent random for salt 'battery': 0.5449221002171463
2025-03-01 04:28:28 [DEBUG] Selected item with salt 'battery': {'charging': False, 'chargingTime': None, 'dischargingTime': 3600, 'level': 0.51}
2025-03-01 04:28:28 [DEBUG] Generated consistent random for salt 'plugins': 0.8179219256129249
2025-03-01 04:28:28 [DEBUG] Selected item with salt 'plugins': {'plugins': [{'name': 'Chrome PDF Plugin', 'filename': 'internal-pdf-viewer', 'description': 'Portable Document Format'}, {'name': 'Chrome PDF Viewer', 'filename': 'internal-pdf-viewer', 'description': 'Portable Document Format'}, {'name': 'Native Client', 'filename': 'internal-nacl-plugin', 'description': 'Native Client'}, {'name': 'Widevine Content Decryption Module', 'filename': 'widevinecdm', 'description': 'Enables Widevine licenses for playback of HTML audio/video content.'}], 'mimeTypes': [{'type': 'application/pdf', 'suffixes': 'pdf', 'description': 'Portable Document Format'}, {'type': 'application/x-google-chrome-pdf', 'suffixes': 'pdf', 'description': 'Portable Document Format'}, {'type': 'application/x-nacl', 'suffixes': '', 'description': 'Native Client'}, {'type': 'application/x-ppapi-widevine-cdm', 'suffixes': '', 'description': 'Widevine Content Decryption Module'}]}
2025-03-01 04:28:28 [DEBUG] Generated consistent random for salt 'canvas2d': 0.7176586808480121
2025-03-01 04:28:28 [DEBUG] Selected item with salt 'canvas2d': {'font': '16px DejaVu Sans', 'textBaseline': 'middle', 'fillStyle': '#121212', 'quality': 0.88}
2025-03-01 04:28:28 [DEBUG] Generated consistent random for salt 'fonts': 0.8192304381518513
2025-03-01 04:28:28 [DEBUG] Selected item with salt 'fonts': ['Cantarell', 'Droid Sans', 'LXGW WenKai', 'Noto Sans CJK', 'Garuda']
2025-03-01 04:28:28 [DEBUG] Selecting screen parameters...
2025-03-01 04:28:28 [DEBUG] Generated consistent random for salt 'screen': 0.5609277173397704
2025-03-01 04:28:28 [DEBUG] Selected item with salt 'screen': {'width': 3840, 'height': 2160, 'colorDepth': 24, 'pixelDepth': 24, 'dpi': 96}
2025-03-01 04:28:28 [DEBUG] Configuring user behavior parameters...
2025-03-01 04:28:28 [DEBUG] Generated consistent random for salt 'mouse_speed': 0.9836720816969041
2025-03-01 04:28:28 [DEBUG] Selected item with salt 'mouse_speed': 1.5
2025-03-01 04:28:28 [DEBUG] Generated consistent random for salt 'click_delay': 0.2197081287105071
2025-03-01 04:28:28 [DEBUG] Selected item with salt 'click_delay': 50
2025-03-01 04:28:28 [DEBUG] Generated consistent random for salt 'dbl_click': 0.9810282214332732
2025-03-01 04:28:28 [DEBUG] Selected item with salt 'dbl_click': 350
2025-03-01 04:28:28 [DEBUG] Generated consistent random for salt 'typing_speed': 0.9631069260320169
2025-03-01 04:28:28 [DEBUG] Selected item with salt 'typing_speed': 250
2025-03-01 04:28:28 [DEBUG] Generated consistent random for salt 'typing_var': 0.8331135630097557
2025-03-01 04:28:28 [DEBUG] Selected item with salt 'typing_var': 40
2025-03-01 04:28:28 [DEBUG] Generated consistent random for salt 'key_press': 0.9484149636836544
2025-03-01 04:28:28 [DEBUG] Selected item with salt 'key_press': 110
2025-03-01 04:28:28 [DEBUG] Generated consistent random for salt 'scroll_speed': 0.19378602719800037
2025-03-01 04:28:28 [DEBUG] Selected item with salt 'scroll_speed': 100
2025-03-01 04:28:28 [DEBUG] Generated consistent random for salt 'scroll_smooth': 0.11240289220632478
2025-03-01 04:28:28 [DEBUG] Selected item with salt 'scroll_smooth': 0.8
2025-03-01 04:28:28 [DEBUG] Generated consistent random for salt 'scroll_pause': 0.18772419967574783
2025-03-01 04:28:28 [DEBUG] Selected item with salt 'scroll_pause': 500
2025-03-01 04:28:28 [DEBUG] Configuring browser history parameters...
2025-03-01 04:28:28 [DEBUG] Generated consistent random for salt 'visit_freq': 0.23485318136616476
2025-03-01 04:28:28 [DEBUG] Selected item with salt 'visit_freq': {'daily': 20, 'weekly': 100, 'monthly': 400}
2025-03-01 04:28:28 [DEBUG] Generated consistent random for salt 'time_spent': 0.7607272363280345
2025-03-01 04:28:28 [DEBUG] Selected item with salt 'time_spent': {'min': 40, 'avg': 160, 'max': 380}
2025-03-01 04:28:28 [DEBUG] Generated consistent random for salt 'bookmarks': 0.2235643990239968
2025-03-01 04:28:28 [DEBUG] Selected item with salt 'bookmarks': 10
2025-03-01 04:28:28 [DEBUG] Generated consistent random for salt 'history_depth': 0.7278785705550682
2025-03-01 04:28:28 [DEBUG] Selected item with salt 'history_depth': 30
2025-03-01 04:28:28 [DEBUG] Configuring network parameters...
2025-03-01 04:28:28 [DEBUG] Generated consistent random for salt 'bandwidth': 0.6449098677777851
2025-03-01 04:28:28 [DEBUG] Selected item with salt 'bandwidth': {'download': 100000000, 'upload': 40000000}
2025-03-01 04:28:28 [DEBUG] Generated consistent random for salt 'latency': 0.2573060202259005
2025-03-01 04:28:28 [DEBUG] Selected item with salt 'latency': {'min': 20, 'avg': 35, 'max': 60}
2025-03-01 04:28:28 [DEBUG] Generated consistent random for salt 'packet_loss': 0.8105663927828198
2025-03-01 04:28:28 [DEBUG] Selected item with salt 'packet_loss': 0.5
2025-03-01 04:28:28 [DEBUG] Generated consistent random for salt 'connection': 0.6047878072622657
2025-03-01 04:28:28 [DEBUG] Selected item with salt 'connection': 4g
2025-03-01 04:28:28 [DEBUG] Applying parameter variations...
2025-03-01 04:28:28 [DEBUG] Generated consistent random for salt 'noise': 0.8906925130522595
2025-03-01 04:28:28 [DEBUG] Generated consistent random for salt 'quality': 0.7654108916346245
2025-03-01 04:28:28 [DEBUG] Generated consistent random for salt 'mouse_var': 0.4731417243469853
2025-03-01 04:28:28 [DEBUG] Generated consistent random for salt 'typing_var': 0.8331135630097557
2025-03-01 04:28:28 [DEBUG] Generated consistent random for salt 'scroll_var': 0.9625721264972551
2025-03-01 04:28:28 [DEBUG] Generated consistent random for salt 'usb': 0.9543792678849444
2025-03-01 04:28:28 [DEBUG] Generated consistent random for salt 'hid': 0.48062717523837745
2025-03-01 04:28:28 [INFO] Configuration created successfully
2025-03-01 04:28:28 [DEBUG] Final configuration: {'hardware': {'hardwareConcurrency': 6, 'deviceMemory': 8, 'platform': 'Linux x86_64', 'oscpu': 'Linux x86_64'}, 'local_ip_set': ['192.168.5.150', 'fe80::2222:3333:4444:5555', '10.10.0.100'], 'webgl': {'vendor': 'AMD', 'renderer': 'AMD RADV NAVI14'}, 'canvas': {'red': 1, 'green': 3, 'blue': 5, 'image_type': 'image/jpeg', 'quality': 0.879236299028885}, 'audio': {'noiseIntensity': 0.00016625108020883617, 'sampleRate': 48000, 'channelCount': 2}, 'battery': {'charging': False, 'chargingTime': None, 'dischargingTime': 3600, 'level': 0.51}, 'usb': {'disableUSB': True, 'disableHID': False}, 'plugins': {'plugins': [{'name': 'Chrome PDF Plugin', 'filename': 'internal-pdf-viewer', 'description': 'Portable Document Format'}, {'name': 'Chrome PDF Viewer', 'filename': 'internal-pdf-viewer', 'description': 'Portable Document Format'}, {'name': 'Native Client', 'filename': 'internal-nacl-plugin', 'description': 'Native Client'}, {'name': 'Widevine Content Decryption Module', 'filename': 'widevinecdm', 'description': 'Enables Widevine licenses for playback of HTML audio/video content.'}], 'mimeTypes': [{'type': 'application/pdf', 'suffixes': 'pdf', 'description': 'Portable Document Format'}, {'type': 'application/x-google-chrome-pdf', 'suffixes': 'pdf', 'description': 'Portable Document Format'}, {'type': 'application/x-nacl', 'suffixes': '', 'description': 'Native Client'}, {'type': 'application/x-ppapi-widevine-cdm', 'suffixes': '', 'description': 'Widevine Content Decryption Module'}]}, 'canvas_2d': {'font': '16px DejaVu Sans', 'textBaseline': 'middle', 'fillStyle': '#121212', 'quality': 0.88}, 'fonts': ['Cantarell', 'Droid Sans', 'LXGW WenKai', 'Noto Sans CJK', 'Garuda'], 'screen': {'width': 3840, 'height': 2160, 'colorDepth': 24, 'pixelDepth': 24, 'dpi': 96}, 'user_behavior': {'mouse': {'moveSpeed': 1.4959712586520477, 'clickDelay': 50, 'doubleClickDelay': 350}, 'keyboard': {'typingSpeed': 258.32783907524384, 'typingVariance': 40, 'keyPressTime': 110}, 'scroll': {'speed': 104.62572126497254, 'smoothness': 0.8, 'pauseTime': 500}}, 'history': {'visitFrequency': {'daily': 20, 'weekly': 100, 'monthly': 400}, 'timeSpent': {'min': 40, 'avg': 160, 'max': 380}, 'bookmarkCount': 10, 'historyDepth': 30}, 'network': {'bandwidth': {'download': 100000000, 'upload': 40000000}, 'latency': {'min': 20, 'avg': 35, 'max': 60}, 'packetLoss': 0.5, 'connectionType': '4g'}}
2025-03-01 04:28:28 [DEBUG] Browser configuration created
2025-03-01 04:28:28 [DEBUG] Initializing Playwright...
2025-03-01 04:28:29 [DEBUG] Launching browser...
2025-03-01 04:28:30 [DEBUG] Creating browser context...
2025-03-01 04:28:30 [DEBUG] Creating new page...
2025-03-01 04:28:31 [DEBUG] Adding masking scripts...
2025-03-01 04:28:31 [DEBUG] Adding hardware configuration scripts...
2025-03-01 04:28:31 [DEBUG] Adding WebRTC configuration...
2025-03-01 04:28:31 [DEBUG] Adding WebGL configuration...
2025-03-01 04:28:31 [DEBUG] Adding Canvas configuration...
2025-03-01 04:28:31 [DEBUG] Adding Audio configuration...
2025-03-01 04:28:31 [DEBUG] Adding Battery configuration...
2025-03-01 04:28:31 [DEBUG] Adding USB configuration...
2025-03-01 04:28:31 [DEBUG] Adding Plugins configuration...
2025-03-01 04:28:31 [DEBUG] Adding Platform configuration...
2025-03-01 04:28:31 [DEBUG] Adding Language configuration...
2025-03-01 04:28:31 [DEBUG] Adding Canvas 2D configuration...
2025-03-01 04:28:31 [ERROR] Error starting browser Error: 'red'
Traceback:
  File "/home/mirtrudmike/Projects/BROWSER/testing.py", line 598, in start_browser
    imageData.data[i] ^= {canvas_2['red']};
                          ~~~~~~~~^^^^^^^

2025-03-01 04:28:31 [ERROR] Browser or configuration is None
2025-03-01 04:32:00 [INFO] Country selected: 🇷🇺 Russia
2025-03-01 04:32:03 [INFO] Refreshing browser for country: ru
2025-03-01 04:32:03 [INFO] Starting browser launch process for country: ru
2025-03-01 04:32:03 [INFO] Starting browser for country: ru
2025-03-01 04:32:03 [INFO] Getting configuration for country: ru
2025-03-01 04:32:03 [INFO] Finding proxy for country: ru
2025-03-01 04:32:03 [DEBUG] Reading proxy credentials...
2025-03-01 04:32:03 [INFO] Proxy credentials loaded successfully
2025-03-01 04:32:03 [DEBUG] Reading used IPs file...
2025-03-01 04:32:03 [DEBUG] Loaded 81 used IPs
2025-03-01 04:32:03 [DEBUG] Trying proxy port: 10000
2025-03-01 04:32:03 [INFO] Getting proxy info for server: pool.proxy.market:10000
2025-03-01 04:32:03 [DEBUG] Making request to ip-api.com...
2025-03-01 04:32:04 [INFO] Successfully got proxy info for IP: 94.233.241.15
2025-03-01 04:32:04 [DEBUG] Writing new used IP: 94.233.241.15
2025-03-01 04:32:04 [DEBUG] IP written successfully
2025-03-01 04:32:04 [INFO] Found suitable proxy with IP: 94.233.241.15
2025-03-01 04:32:04 [DEBUG] Reading country configuration file...
2025-03-01 04:32:04 [INFO] Country configuration loaded successfully
2025-03-01 04:32:04 [DEBUG] Selected system: Win64
2025-03-01 04:32:04 [DEBUG] Selected user agent kit: {'user_agent': 'Mozilla/5.0 (Windows NT 10.0; Win64; x64) AppleWebKit/537.36 (KHTML, like Gecko) Edge/119.0.0.0 Safari/537.36', 'screen_size': [1600, 900], 'language': 'ru-RU,ru;q=0.9,en-US;q=0.8,en;q=0.7'}
2025-03-01 04:32:04 [INFO] Country configuration created successfully
2025-03-01 04:32:04 [DEBUG] Country configuration: {'proxy_info': {'ip': '94.233.241.15', 'country': 'Russia', 'countryCode': 'RU', 'city': 'Stavropol', 'timezone': 'Europe/Moscow', 'location': {'latitude': 45.0424, 'longitude': 41.9707}, 'credentials': {'server': 'http://pool.proxy.market:10000', 'username': 'QXyEpQqfIkiv', 'password': 'RNW78Fm5'}}, 'system': 'Win64', 'user_agent': 'Mozilla/5.0 (Windows NT 10.0; Win64; x64) AppleWebKit/537.36 (KHTML, like Gecko) Edge/119.0.0.0 Safari/537.36', 'screen_size': [1600, 900], 'language': 'ru-RU,ru;q=0.9,en-US;q=0.8,en;q=0.7'}
2025-03-01 04:32:04 [DEBUG] Detected browser type: Edge
2025-03-01 04:32:04 [INFO] Creating configuration for system: Win64, browser: Edge
2025-03-01 04:32:04 [DEBUG] Generated session hash: c1d5a8ee8f58460ac41a87031166ba51
2025-03-01 04:32:04 [DEBUG] Selecting base browser parameters...
2025-03-01 04:32:04 [DEBUG] Generated consistent random for salt 'webgl': 0.037416034361600285
2025-03-01 04:32:04 [DEBUG] Selected item with salt 'webgl': {'vendor': 'NVIDIA Corporation', 'renderer': 'NVIDIA GeForce GTX 1660/PCIe/SSE2'}
2025-03-01 04:32:04 [DEBUG] Generated consistent random for salt 'canvas': 0.5257338372519009
2025-03-01 04:32:04 [DEBUG] Selected item with salt 'canvas': {'red': 3, 'green': 4, 'blue': 5, 'image_type': 'image/jpeg', 'quality': 0.85}
2025-03-01 04:32:04 [DEBUG] Generated consistent random for salt 'audio': 0.995086822737462
2025-03-01 04:32:04 [DEBUG] Selected item with salt 'audio': {'noiseIntensity': 0.00014, 'sampleRate': 48000, 'channelCount': 2}
2025-03-01 04:32:04 [DEBUG] Generated consistent random for salt 'ip': 0.20185826456056416
2025-03-01 04:32:04 [DEBUG] Selected item with salt 'ip': ['192.168.0.150', 'fe80::abcd:ef01:2345:6789', '10.0.0.20']
2025-03-01 04:32:04 [DEBUG] Generated consistent random for salt 'hardware': 0.3419546046400449
2025-03-01 04:32:04 [DEBUG] Selected item with salt 'hardware': {'hardwareConcurrency': 6, 'deviceMemory': 16, 'platform': 'Win64', 'oscpu': 'Windows NT 10.0'}
2025-03-01 04:32:04 [DEBUG] Generated consistent random for salt 'battery': 0.6034445347438356
2025-03-01 04:32:04 [DEBUG] Selected item with salt 'battery': {'charging': False, 'chargingTime': None, 'dischargingTime': 3600, 'level': 0.51}
2025-03-01 04:32:04 [ERROR] Error creating browser configuration Error: 'Edge'
Traceback:
  File "/home/mirtrudmike/Projects/BROWSER/browser_configuration.py", line 59, in make_config
    plugins = select_from_list(session_hash, "plugins", plugins_variants[browser])
                                                        ~~~~~~~~~~~~~~~~^^^^^^^^^

2025-03-01 04:32:04 [ERROR] Error starting browser Error: 'Edge'
Traceback:
  File "/home/mirtrudmike/Projects/BROWSER/testing.py", line 248, in start_browser
    config = make_config(system=system, browser=browser_type)
  File "/home/mirtrudmike/Projects/BROWSER/browser_configuration.py", line 59, in make_config
    plugins = select_from_list(session_hash, "plugins", plugins_variants[browser])
                                                        ~~~~~~~~~~~~~~~~^^^^^^^^^

2025-03-01 04:32:04 [ERROR] Browser or configuration is None
2025-03-01 04:32:14 [INFO] Exiting application
