2025-03-01 04:43:10 [DEBUG] Loading country configuration...
2025-03-01 04:43:10 [DEBUG] Reading country configuration file...
2025-03-01 04:43:10 [INFO] Country configuration loaded successfully
2025-03-01 04:43:10 [INFO] Loaded 9 countries
2025-03-01 04:43:10 [INFO] Starting Browser Launcher application
2025-03-01 04:43:10 [INFO] Initializing Browser Launcher application
2025-03-01 04:43:10 [DEBUG] Setting up UI components
2025-03-01 04:43:10 [DEBUG] UI setup completed
2025-03-01 04:43:10 [DEBUG] Applying dark theme
2025-03-01 04:43:10 [DEBUG] Dark theme applied successfully
2025-03-01 04:43:10 [INFO] Browser Launcher initialized successfully
2025-03-01 04:43:10 [DEBUG] Starting asyncio event loop
2025-03-01 04:43:10 [INFO] Asyncio event loop started in background thread
2025-03-01 04:43:10 [INFO] Application window shown
2025-03-01 04:43:14 [INFO] Country selected: 🇮🇱 Israel
2025-03-01 04:43:18 [INFO] Country selected: 🇷🇺 Russia
2025-03-01 04:43:19 [INFO] Launching browser for country: ru
2025-03-01 04:43:19 [DEBUG] Starting new browser session
2025-03-01 04:43:19 [INFO] Starting browser launch process for country: ru
2025-03-01 04:43:19 [INFO] Starting browser for country: ru
2025-03-01 04:43:19 [INFO] Getting configuration for country: ru
2025-03-01 04:43:19 [INFO] Finding proxy for country: ru
2025-03-01 04:43:19 [DEBUG] Reading proxy credentials...
2025-03-01 04:43:19 [INFO] Proxy credentials loaded successfully
2025-03-01 04:43:19 [DEBUG] Reading used IPs file...
2025-03-01 04:43:19 [DEBUG] Loaded 83 used IPs
2025-03-01 04:43:19 [DEBUG] Trying proxy port: 10000
2025-03-01 04:43:19 [INFO] Getting proxy info for server: pool.proxy.market:10000
2025-03-01 04:43:19 [DEBUG] Making request to ip-api.com...
2025-03-01 04:43:20 [INFO] Successfully got proxy info for IP: 94.233.241.15
2025-03-01 04:43:20 [DEBUG] IP 94.233.241.15 already used, trying next port
2025-03-01 04:43:21 [DEBUG] Trying proxy port: 10001
2025-03-01 04:43:21 [INFO] Getting proxy info for server: pool.proxy.market:10001
2025-03-01 04:43:21 [DEBUG] Making request to ip-api.com...
2025-03-01 04:43:22 [INFO] Successfully got proxy info for IP: 95.26.139.207
2025-03-01 04:43:22 [DEBUG] IP 95.26.139.207 already used, trying next port
2025-03-01 04:43:23 [DEBUG] Trying proxy port: 10003
2025-03-01 04:43:23 [INFO] Getting proxy info for server: pool.proxy.market:10003
2025-03-01 04:43:23 [DEBUG] Making request to ip-api.com...
2025-03-01 04:43:23 [INFO] Successfully got proxy info for IP: 95.53.181.128
2025-03-01 04:43:23 [DEBUG] Writing new used IP: 95.53.181.128
2025-03-01 04:43:23 [DEBUG] IP written successfully
2025-03-01 04:43:23 [INFO] Found suitable proxy with IP: 95.53.181.128
2025-03-01 04:43:23 [DEBUG] Reading country configuration file...
2025-03-01 04:43:23 [INFO] Country configuration loaded successfully
2025-03-01 04:43:23 [DEBUG] Selected system: Linux x86_64
2025-03-01 04:43:23 [DEBUG] Selected user agent kit: {'user_agent': 'Mozilla/5.0 (X11; Linux x86_64) AppleWebKit/537.36 (KHTML, like Gecko) Edge/119.0.0.0 Safari/537.36', 'screen_size': [1920, 1080], 'language': 'ru-RU,ru;q=0.9,en-US;q=0.8,en;q=0.7'}
2025-03-01 04:43:23 [INFO] Country configuration created successfully
2025-03-01 04:43:23 [DEBUG] Country configuration: {'proxy_info': {'ip': '95.53.181.128', 'country': 'Russia', 'countryCode': 'RU', 'city': 'Cherepovets', 'timezone': 'Europe/Moscow', 'location': {'latitude': 59.1264, 'longitude': 37.9012}, 'credentials': {'server': 'http://pool.proxy.market:10003', 'username': 'QXyEpQqfIkiv', 'password': 'RNW78Fm5'}}, 'system': 'Linux x86_64', 'user_agent': 'Mozilla/5.0 (X11; Linux x86_64) AppleWebKit/537.36 (KHTML, like Gecko) Edge/119.0.0.0 Safari/537.36', 'screen_size': [1920, 1080], 'language': 'ru-RU,ru;q=0.9,en-US;q=0.8,en;q=0.7'}
2025-03-01 04:43:23 [DEBUG] Detected browser type: Edge
2025-03-01 04:43:23 [INFO] Creating configuration for system: Linux x86_64, browser: Edge
2025-03-01 04:43:23 [DEBUG] Generated session hash: 435b32bb98193427f09982f91a8e893e
2025-03-01 04:43:23 [DEBUG] Selecting base browser parameters...
2025-03-01 04:43:23 [DEBUG] Generated consistent random for salt 'webgl': 0.8945306500085961
2025-03-01 04:43:23 [DEBUG] Selected item with salt 'webgl': {'vendor': 'Intel', 'renderer': 'Mesa Intel(R) HD Graphics 5500 (BDW GT2)'}
2025-03-01 04:43:23 [DEBUG] Generated consistent random for salt 'canvas': 0.13930720757300158
2025-03-01 04:43:23 [DEBUG] Selected item with salt 'canvas': {'red': 2, 'green': 4, 'blue': 6, 'image_type': 'image/webp', 'quality': 0.9}
2025-03-01 04:43:23 [DEBUG] Generated consistent random for salt 'audio': 0.720965317693137
2025-03-01 04:43:23 [DEBUG] Selected item with salt 'audio': {'noiseIntensity': 0.00017, 'sampleRate': 44100, 'channelCount': 1}
2025-03-01 04:43:23 [DEBUG] Generated consistent random for salt 'ip': 0.19472537109526317
2025-03-01 04:43:23 [DEBUG] Selected item with salt 'ip': ['192.168.0.150', 'fe80::abcd:ef01:2345:6789', '10.0.0.20']
2025-03-01 04:43:23 [DEBUG] Generated consistent random for salt 'hardware': 0.9383103393780389
2025-03-01 04:43:23 [DEBUG] Selected item with salt 'hardware': {'hardwareConcurrency': 6, 'deviceMemory': 8, 'platform': 'Linux x86_64', 'oscpu': 'Linux x86_64'}
2025-03-01 04:43:23 [DEBUG] Generated consistent random for salt 'battery': 0.2948160399467257
2025-03-01 04:43:23 [DEBUG] Selected item with salt 'battery': {'charging': True, 'chargingTime': 3600, 'dischargingTime': None, 'level': 0.45}
2025-03-01 04:43:23 [DEBUG] Generated consistent random for salt 'plugins': 0.5312603136997105
2025-03-01 04:43:23 [DEBUG] Selected item with salt 'plugins': {'plugins': [{'name': 'Chrome PDF Plugin', 'filename': 'internal-pdf-viewer', 'description': 'Portable Document Format'}, {'name': 'Chrome PDF Viewer', 'filename': 'internal-pdf-viewer', 'description': 'Portable Document Format'}, {'name': 'Native Client', 'filename': 'internal-nacl-plugin', 'description': 'Native Client'}, {'name': 'Widevine Content Decryption Module', 'filename': 'widevinecdm', 'description': 'Enables Widevine licenses for playback of HTML audio/video content.'}], 'mimeTypes': [{'type': 'application/pdf', 'suffixes': 'pdf', 'description': 'Portable Document Format'}, {'type': 'application/x-google-chrome-pdf', 'suffixes': 'pdf', 'description': 'Portable Document Format'}, {'type': 'application/x-nacl', 'suffixes': '', 'description': 'Native Client'}, {'type': 'application/x-ppapi-widevine-cdm', 'suffixes': '', 'description': 'Widevine Content Decryption Module'}]}
2025-03-01 04:43:23 [DEBUG] Generated consistent random for salt 'canvas2d': 0.4368765690868157
2025-03-01 04:43:23 [DEBUG] Selected item with salt 'canvas2d': {'font': '14px Liberation Sans', 'textBaseline': 'top', 'fillStyle': '#242424', 'quality': 0.95}
2025-03-01 04:43:23 [DEBUG] Generated consistent random for salt 'fonts': 0.5695860170459206
2025-03-01 04:43:23 [DEBUG] Selected item with salt 'fonts': ['Ubuntu Mono', 'Liberation Mono', 'DejaVu Sans Mono', 'Noto Mono', 'FreeMono']
2025-03-01 04:43:23 [DEBUG] Selecting screen parameters...
2025-03-01 04:43:23 [DEBUG] Generated consistent random for salt 'screen': 0.3025812253606975
2025-03-01 04:43:23 [DEBUG] Selected item with salt 'screen': {'width': 2560, 'height': 1440, 'colorDepth': 24, 'pixelDepth': 24, 'dpi': 96}
2025-03-01 04:43:23 [DEBUG] Configuring user behavior parameters...
2025-03-01 04:43:23 [DEBUG] Generated consistent random for salt 'mouse_speed': 0.7145309029022465
2025-03-01 04:43:23 [DEBUG] Selected item with salt 'mouse_speed': 1.2
2025-03-01 04:43:23 [DEBUG] Generated consistent random for salt 'click_delay': 0.7591666631253409
2025-03-01 04:43:23 [DEBUG] Selected item with salt 'click_delay': 200
2025-03-01 04:43:23 [DEBUG] Generated consistent random for salt 'dbl_click': 0.463672062438472
2025-03-01 04:43:23 [DEBUG] Selected item with salt 'dbl_click': 250
2025-03-01 04:43:23 [DEBUG] Generated consistent random for salt 'typing_speed': 0.9781620783497939
2025-03-01 04:43:23 [DEBUG] Selected item with salt 'typing_speed': 250
2025-03-01 04:43:23 [DEBUG] Generated consistent random for salt 'typing_var': 0.938208008410076
2025-03-01 04:43:23 [DEBUG] Selected item with salt 'typing_var': 40
2025-03-01 04:43:23 [DEBUG] Generated consistent random for salt 'key_press': 0.2891773625448906
2025-03-01 04:43:23 [DEBUG] Selected item with salt 'key_press': 70
2025-03-01 04:43:23 [DEBUG] Generated consistent random for salt 'scroll_speed': 0.3564141539370494
2025-03-01 04:43:23 [DEBUG] Selected item with salt 'scroll_speed': 150
2025-03-01 04:43:23 [DEBUG] Generated consistent random for salt 'scroll_smooth': 0.2620020001387865
2025-03-01 04:43:23 [DEBUG] Selected item with salt 'scroll_smooth': 0.9
2025-03-01 04:43:23 [DEBUG] Generated consistent random for salt 'scroll_pause': 0.6274094948658375
2025-03-01 04:43:23 [DEBUG] Selected item with salt 'scroll_pause': 1500
2025-03-01 04:43:23 [DEBUG] Configuring browser history parameters...
2025-03-01 04:43:23 [DEBUG] Generated consistent random for salt 'visit_freq': 0.3733683127786137
2025-03-01 04:43:23 [DEBUG] Selected item with salt 'visit_freq': {'daily': 50, 'weekly': 200, 'monthly': 800}
2025-03-01 04:43:23 [DEBUG] Generated consistent random for salt 'time_spent': 0.29847998691044375
2025-03-01 04:43:23 [DEBUG] Selected item with salt 'time_spent': {'min': 60, 'avg': 180, 'max': 400}
2025-03-01 04:43:23 [DEBUG] Generated consistent random for salt 'bookmarks': 0.8540928019927648
2025-03-01 04:43:23 [DEBUG] Selected item with salt 'bookmarks': 100
2025-03-01 04:43:23 [DEBUG] Generated consistent random for salt 'history_depth': 0.11259409375559891
2025-03-01 04:43:23 [DEBUG] Selected item with salt 'history_depth': 7
2025-03-01 04:43:23 [DEBUG] Configuring network parameters...
2025-03-01 04:43:23 [DEBUG] Generated consistent random for salt 'bandwidth': 0.4874966509755426
2025-03-01 04:43:23 [DEBUG] Selected item with salt 'bandwidth': {'download': 50000000, 'upload': 20000000}
2025-03-01 04:43:23 [DEBUG] Generated consistent random for salt 'latency': 0.7190125781967274
2025-03-01 04:43:23 [DEBUG] Selected item with salt 'latency': {'min': 30, 'avg': 50, 'max': 80}
2025-03-01 04:43:23 [DEBUG] Generated consistent random for salt 'packet_loss': 0.09718475700528452
2025-03-01 04:43:23 [DEBUG] Selected item with salt 'packet_loss': 0.0
2025-03-01 04:43:23 [DEBUG] Generated consistent random for salt 'connection': 0.26655497302050607
2025-03-01 04:43:23 [DEBUG] Selected item with salt 'connection': ethernet
2025-03-01 04:43:23 [DEBUG] Applying parameter variations...
2025-03-01 04:43:23 [DEBUG] Generated consistent random for salt 'noise': 0.12941331012478394
2025-03-01 04:43:23 [DEBUG] Generated consistent random for salt 'quality': 0.4262831048767272
2025-03-01 04:43:23 [DEBUG] Generated consistent random for salt 'mouse_var': 0.9445312812119052
2025-03-01 04:43:23 [DEBUG] Generated consistent random for salt 'typing_var': 0.938208008410076
2025-03-01 04:43:23 [DEBUG] Generated consistent random for salt 'scroll_var': 0.4729657910702491
2025-03-01 04:43:23 [DEBUG] Generated consistent random for salt 'usb': 0.04195879014197271
2025-03-01 04:43:23 [DEBUG] Generated consistent random for salt 'hid': 0.08493518896956197
2025-03-01 04:43:23 [INFO] Configuration created successfully
2025-03-01 04:43:23 [DEBUG] Final configuration: {'hardware': {'hardwareConcurrency': 6, 'deviceMemory': 8, 'platform': 'Linux x86_64', 'oscpu': 'Linux x86_64'}, 'local_ip_set': ['192.168.0.150', 'fe80::abcd:ef01:2345:6789', '10.0.0.20'], 'webgl': {'vendor': 'Intel', 'renderer': 'Mesa Intel(R) HD Graphics 5500 (BDW GT2)'}, 'canvas': {'red': 2, 'green': 4, 'blue': 6, 'image_type': 'image/webp', 'quality': 0.8973461917755622}, 'audio': {'noiseIntensity': 0.00016370002627212133, 'sampleRate': 44100, 'channelCount': 1}, 'battery': {'charging': True, 'chargingTime': 3600, 'dischargingTime': None, 'level': 0.45}, 'usb': {'disableUSB': False, 'disableHID': False}, 'plugins': {'plugins': [{'name': 'Chrome PDF Plugin', 'filename': 'internal-pdf-viewer', 'description': 'Portable Document Format'}, {'name': 'Chrome PDF Viewer', 'filename': 'internal-pdf-viewer', 'description': 'Portable Document Format'}, {'name': 'Native Client', 'filename': 'internal-nacl-plugin', 'description': 'Native Client'}, {'name': 'Widevine Content Decryption Module', 'filename': 'widevinecdm', 'description': 'Enables Widevine licenses for playback of HTML audio/video content.'}], 'mimeTypes': [{'type': 'application/pdf', 'suffixes': 'pdf', 'description': 'Portable Document Format'}, {'type': 'application/x-google-chrome-pdf', 'suffixes': 'pdf', 'description': 'Portable Document Format'}, {'type': 'application/x-nacl', 'suffixes': '', 'description': 'Native Client'}, {'type': 'application/x-ppapi-widevine-cdm', 'suffixes': '', 'description': 'Widevine Content Decryption Module'}]}, 'canvas_2d': {'red': 1, 'green': 2, 'blue': 3, 'quality': 0.95, 'font': '14px Liberation Sans'}, 'fonts': ['Ubuntu Mono', 'Liberation Mono', 'DejaVu Sans Mono', 'Noto Mono', 'FreeMono'], 'screen': {'width': 2560, 'height': 1440, 'colorDepth': 24, 'pixelDepth': 24, 'dpi': 96}, 'user_behavior': {'mouse': {'moveSpeed': 1.2533437537454284, 'clickDelay': 200, 'doubleClickDelay': 250}, 'keyboard': {'typingSpeed': 260.95520021025186, 'typingVariance': 40, 'keyPressTime': 70}, 'scroll': {'speed': 149.59448686605373, 'smoothness': 0.9, 'pauseTime': 1500}}, 'history': {'visitFrequency': {'daily': 50, 'weekly': 200, 'monthly': 800}, 'timeSpent': {'min': 60, 'avg': 180, 'max': 400}, 'bookmarkCount': 100, 'historyDepth': 7}, 'network': {'bandwidth': {'download': 50000000, 'upload': 20000000}, 'latency': {'min': 30, 'avg': 50, 'max': 80}, 'packetLoss': 0.0, 'connectionType': 'ethernet'}}
2025-03-01 04:43:23 [DEBUG] Browser configuration created
2025-03-01 04:43:23 [DEBUG] Initializing Playwright...
2025-03-01 04:43:24 [DEBUG] Launching browser...
2025-03-01 04:43:25 [DEBUG] Creating browser context...
2025-03-01 04:43:25 [DEBUG] Creating new page...
2025-03-01 04:43:26 [DEBUG] Adding masking scripts...
2025-03-01 04:43:26 [DEBUG] Adding hardware configuration scripts...
2025-03-01 04:43:26 [DEBUG] Adding WebRTC configuration...
2025-03-01 04:43:26 [DEBUG] Adding WebGL configuration...
2025-03-01 04:43:26 [DEBUG] Adding Canvas configuration...
2025-03-01 04:43:26 [DEBUG] Adding Audio configuration...
2025-03-01 04:43:26 [DEBUG] Adding Battery configuration...
2025-03-01 04:43:26 [DEBUG] Adding USB configuration...
2025-03-01 04:43:26 [DEBUG] Adding Plugins configuration...
2025-03-01 04:43:26 [DEBUG] Adding Platform configuration...
2025-03-01 04:43:26 [DEBUG] Adding Language configuration...
2025-03-01 04:43:26 [DEBUG] Adding Canvas 2D configuration...
2025-03-01 04:43:26 [DEBUG] Adding Fonts configuration...
2025-03-01 04:43:26 [INFO] Navigating to test site...
2025-03-01 04:43:35 [ERROR] Error starting browser Error: Page.goto: net::ERR_ABORTED at https://google.com/
Call log:
  - navigating to "https://google.com/", waiting until "load"

Traceback:
  File "/home/mirtrudmike/Projects/BROWSER/testing.py", line 669, in start_browser
    await page.goto("https://google.com/")
  File "/home/mirtrudmike/Projects/BROWSER/.venv/lib/python3.13/site-packages/playwright/async_api/_generated.py", line 8985, in goto
    await self._impl_obj.goto(
        url=url, timeout=timeout, waitUntil=wait_until, referer=referer
    )
  File "/home/mirtrudmike/Projects/BROWSER/.venv/lib/python3.13/site-packages/playwright/_impl/_page.py", line 551, in goto
    return await self._main_frame.goto(**locals_to_params(locals()))
           ^^^^^^^^^^^^^^^^^^^^^^^^^^^^^^^^^^^^^^^^^^^^^^^^^^^^^^^^^
  File "/home/mirtrudmike/Projects/BROWSER/.venv/lib/python3.13/site-packages/playwright/_impl/_frame.py", line 145, in goto
    await self._channel.send("goto", locals_to_params(locals()))
  File "/home/mirtrudmike/Projects/BROWSER/.venv/lib/python3.13/site-packages/playwright/_impl/_connection.py", line 61, in send
    return await self._connection.wrap_api_call(
           ^^^^^^^^^^^^^^^^^^^^^^^^^^^^^^^^^^^^^
    ...<2 lines>...
    )
    ^
  File "/home/mirtrudmike/Projects/BROWSER/.venv/lib/python3.13/site-packages/playwright/_impl/_connection.py", line 528, in wrap_api_call
    raise rewrite_error(error, f"{parsed_st['apiName']}: {error}") from None

2025-03-01 04:43:35 [ERROR] Browser or configuration is None
