2025-03-10 07:24:49 [INFO] Country configuration loaded successfully
2025-03-10 07:24:49 [INFO] Loaded 10 countries
2025-03-10 07:24:49 [INFO] Starting Browser Launcher application
2025-03-10 07:24:49 [INFO] Initializing Browser Launcher application
2025-03-10 07:24:49 [INFO] Browser Launcher initialized successfully
2025-03-10 07:24:49 [INFO] Asyncio event loop started in background thread
2025-03-10 07:24:49 [INFO] Application window shown
2025-03-10 07:24:54 [INFO] Country selected: 🇦🇲 Armenia
2025-03-10 07:24:57 [INFO] Launching browser for country: am
2025-03-10 07:24:57 [INFO] Starting browser launch process for country: am
2025-03-10 07:24:57 [INFO] Starting browser for country: am
2025-03-10 07:24:57 [INFO] Getting configuration for country: am
2025-03-10 07:24:57 [INFO] Finding proxy for country: am
2025-03-10 07:24:57 [INFO] Proxy credentials loaded successfully
2025-03-10 07:24:57 [INFO] Getting proxy info for server: pool.proxy.market:10000
2025-03-10 07:24:57 [INFO] Successfully got proxy info for IP: 5.77.206.183
2025-03-10 07:24:57 [INFO] Found suitable proxy with IP: 5.77.206.183
2025-03-10 07:24:57 [INFO] Country configuration loaded successfully
2025-03-10 07:24:57 [INFO] Country configuration created successfully
2025-03-10 07:24:57 [INFO] Creating configuration for system: Win64, browser: Firefox
2025-03-10 07:24:57 [INFO] Configuration created successfully
2025-03-10 07:25:00 [INFO] Browser started successfully
2025-03-10 07:25:00 [INFO] Updating configuration display
2025-03-10 07:25:00 [INFO] Updating configuration display
2025-03-10 07:25:00 [INFO] Configuration display updated
2025-03-10 07:39:39 [INFO] Refreshing browser for country: am
2025-03-10 07:39:39 [INFO] Closing browser
2025-03-10 07:39:39 [INFO] Starting browser launch process for country: am
2025-03-10 07:39:39 [INFO] Starting browser for country: am
2025-03-10 07:39:39 [INFO] Getting configuration for country: am
2025-03-10 07:39:39 [INFO] Finding proxy for country: am
2025-03-10 07:39:39 [INFO] Proxy credentials loaded successfully
2025-03-10 07:39:39 [INFO] Getting proxy info for server: pool.proxy.market:10000
2025-03-10 07:39:40 [INFO] Successfully got proxy info for IP: 212.73.73.72
2025-03-10 07:39:40 [INFO] Found suitable proxy with IP: 212.73.73.72
2025-03-10 07:39:40 [INFO] Country configuration loaded successfully
2025-03-10 07:39:40 [INFO] Country configuration created successfully
2025-03-10 07:39:40 [INFO] Creating configuration for system: Linux x86_64, browser: Chrome
2025-03-10 07:39:40 [INFO] Configuration created successfully
2025-03-10 07:39:40 [INFO] Browser closed successfully
2025-03-10 07:39:42 [INFO] Browser started successfully
2025-03-10 07:39:42 [INFO] Updating configuration display
2025-03-10 07:39:42 [INFO] Updating configuration display
2025-03-10 07:39:42 [INFO] Configuration display updated
2025-03-10 07:41:10 [INFO] Refreshing browser for country: am
2025-03-10 07:41:10 [INFO] Closing browser
2025-03-10 07:41:10 [INFO] Starting browser launch process for country: am
2025-03-10 07:41:10 [INFO] Starting browser for country: am
2025-03-10 07:41:10 [INFO] Getting configuration for country: am
2025-03-10 07:41:10 [INFO] Finding proxy for country: am
2025-03-10 07:41:10 [INFO] Proxy credentials loaded successfully
2025-03-10 07:41:10 [INFO] Getting proxy info for server: pool.proxy.market:10000
2025-03-10 07:41:10 [INFO] Successfully got proxy info for IP: 212.73.73.72
2025-03-10 07:41:11 [INFO] Getting proxy info for server: pool.proxy.market:10001
2025-03-10 07:41:12 [INFO] Successfully got proxy info for IP: 195.250.81.90
2025-03-10 07:41:12 [INFO] Found suitable proxy with IP: 195.250.81.90
2025-03-10 07:41:12 [INFO] Country configuration loaded successfully
2025-03-10 07:41:12 [INFO] Country configuration created successfully
2025-03-10 07:41:12 [INFO] Creating configuration for system: Linux x86_64, browser: Chrome
2025-03-10 07:41:12 [INFO] Configuration created successfully
2025-03-10 07:41:12 [INFO] Browser closed successfully
2025-03-10 07:41:14 [INFO] Browser started successfully
2025-03-10 07:41:14 [INFO] Updating configuration display
2025-03-10 07:41:14 [INFO] Updating configuration display
2025-03-10 07:41:14 [INFO] Configuration display updated
2025-03-10 07:47:48 [INFO] Exiting application
2025-03-10 07:47:48 [INFO] Closing browser
